{"C:\\Users\\cheon\\Downloads\\StudySound AI (1)\\capacitor.config.ts": {"path":"C:\\Users\\cheon\\Downloads\\StudySound AI (1)\\capacitor.config.ts","all":true,"statementMap":{"0":{"start":{"line":1,"column":0},"end":{"line":1,"column":54}},"1":{"start":{"line":2,"column":0},"end":{"line":2,"column":0}},"2":{"start":{"line":3,"column":0},"end":{"line":3,"column":33}},"3":{"start":{"line":4,"column":0},"end":{"line":4,"column":28}},"4":{"start":{"line":5,"column":0},"end":{"line":5,"column":26}},"5":{"start":{"line":6,"column":0},"end":{"line":6,"column":16}},"6":{"start":{"line":7,"column":0},"end":{"line":7,"column":2}},"7":{"start":{"line":8,"column":0},"end":{"line":8,"column":0}},"8":{"start":{"line":9,"column":0},"end":{"line":9,"column":22}}},"s":{"0":0,"1":0,"2":0,"3":0,"4":0,"5":0,"6":0,"7":0,"8":0},"branchMap":{"0":{"type":"branch","line":1,"loc":{"start":{"line":1,"column":0},"end":{"line":9,"column":22}},"locations":[{"start":{"line":1,"column":0},"end":{"line":9,"column":22}}]}},"b":{"0":[0]},"fnMap":{"0":{"name":"(empty-report)","decl":{"start":{"line":1,"column":0},"end":{"line":9,"column":22}},"loc":{"start":{"line":1,"column":0},"end":{"line":9,"column":22}},"line":1}},"f":{"0":0}}
,"C:\\Users\\cheon\\Downloads\\StudySound AI (1)\\postcss.config.js": {"path":"C:\\Users\\cheon\\Downloads\\StudySound AI (1)\\postcss.config.js","all":true,"statementMap":{"0":{"start":{"line":1,"column":0},"end":{"line":1,"column":16}},"1":{"start":{"line":2,"column":0},"end":{"line":2,"column":12}},"2":{"start":{"line":3,"column":0},"end":{"line":3,"column":20}},"3":{"start":{"line":4,"column":0},"end":{"line":4,"column":21}},"4":{"start":{"line":5,"column":0},"end":{"line":5,"column":4}},"5":{"start":{"line":6,"column":0},"end":{"line":6,"column":2}}},"s":{"0":0,"1":0,"2":0,"3":0,"4":0,"5":0},"branchMap":{"0":{"type":"branch","line":1,"loc":{"start":{"line":1,"column":0},"end":{"line":6,"column":2}},"locations":[{"start":{"line":1,"column":0},"end":{"line":6,"column":2}}]}},"b":{"0":[0]},"fnMap":{"0":{"name":"(empty-report)","decl":{"start":{"line":1,"column":0},"end":{"line":6,"column":2}},"loc":{"start":{"line":1,"column":0},"end":{"line":6,"column":2}},"line":1}},"f":{"0":0}}
,"C:\\Users\\cheon\\Downloads\\StudySound AI (1)\\tailwind.config.ts": {"path":"C:\\Users\\cheon\\Downloads\\StudySound AI (1)\\tailwind.config.ts","all":true,"statementMap":{"0":{"start":{"line":1,"column":0},"end":{"line":1,"column":42}},"1":{"start":{"line":2,"column":0},"end":{"line":2,"column":0}},"2":{"start":{"line":3,"column":0},"end":{"line":3,"column":16}},"3":{"start":{"line":4,"column":0},"end":{"line":4,"column":22}},"4":{"start":{"line":5,"column":0},"end":{"line":5,"column":113}},"5":{"start":{"line":6,"column":0},"end":{"line":6,"column":13}},"6":{"start":{"line":7,"column":0},"end":{"line":7,"column":10}},"7":{"start":{"line":8,"column":0},"end":{"line":8,"column":16}},"8":{"start":{"line":9,"column":0},"end":{"line":9,"column":19}},"9":{"start":{"line":10,"column":0},"end":{"line":10,"column":22}},"10":{"start":{"line":11,"column":0},"end":{"line":11,"column":16}},"11":{"start":{"line":12,"column":0},"end":{"line":12,"column":24}},"12":{"start":{"line":13,"column":0},"end":{"line":13,"column":8}},"13":{"start":{"line":14,"column":0},"end":{"line":14,"column":6}},"14":{"start":{"line":15,"column":0},"end":{"line":15,"column":13}},"15":{"start":{"line":16,"column":0},"end":{"line":16,"column":15}},"16":{"start":{"line":17,"column":0},"end":{"line":17,"column":37}},"17":{"start":{"line":18,"column":0},"end":{"line":18,"column":35}},"18":{"start":{"line":19,"column":0},"end":{"line":19,"column":33}},"19":{"start":{"line":20,"column":0},"end":{"line":20,"column":45}},"20":{"start":{"line":21,"column":0},"end":{"line":21,"column":45}},"21":{"start":{"line":22,"column":0},"end":{"line":22,"column":18}},"22":{"start":{"line":23,"column":0},"end":{"line":23,"column":41}},"23":{"start":{"line":24,"column":0},"end":{"line":24,"column":55}},"24":{"start":{"line":25,"column":0},"end":{"line":25,"column":10}},"25":{"start":{"line":26,"column":0},"end":{"line":26,"column":20}},"26":{"start":{"line":27,"column":0},"end":{"line":27,"column":43}},"27":{"start":{"line":28,"column":0},"end":{"line":28,"column":57}},"28":{"start":{"line":29,"column":0},"end":{"line":29,"column":10}},"29":{"start":{"line":30,"column":0},"end":{"line":30,"column":22}},"30":{"start":{"line":31,"column":0},"end":{"line":31,"column":45}},"31":{"start":{"line":32,"column":0},"end":{"line":32,"column":59}},"32":{"start":{"line":33,"column":0},"end":{"line":33,"column":10}},"33":{"start":{"line":34,"column":0},"end":{"line":34,"column":16}},"34":{"start":{"line":35,"column":0},"end":{"line":35,"column":39}},"35":{"start":{"line":36,"column":0},"end":{"line":36,"column":53}},"36":{"start":{"line":37,"column":0},"end":{"line":37,"column":10}},"37":{"start":{"line":38,"column":0},"end":{"line":38,"column":17}},"38":{"start":{"line":39,"column":0},"end":{"line":39,"column":40}},"39":{"start":{"line":40,"column":0},"end":{"line":40,"column":54}},"40":{"start":{"line":41,"column":0},"end":{"line":41,"column":10}},"41":{"start":{"line":42,"column":0},"end":{"line":42,"column":18}},"42":{"start":{"line":43,"column":0},"end":{"line":43,"column":41}},"43":{"start":{"line":44,"column":0},"end":{"line":44,"column":55}},"44":{"start":{"line":45,"column":0},"end":{"line":45,"column":10}},"45":{"start":{"line":46,"column":0},"end":{"line":46,"column":15}},"46":{"start":{"line":47,"column":0},"end":{"line":47,"column":38}},"47":{"start":{"line":48,"column":0},"end":{"line":48,"column":52}},"48":{"start":{"line":49,"column":0},"end":{"line":49,"column":10}},"49":{"start":{"line":50,"column":0},"end":{"line":50,"column":18}},"50":{"start":{"line":51,"column":0},"end":{"line":51,"column":52}},"51":{"start":{"line":52,"column":0},"end":{"line":52,"column":55}},"52":{"start":{"line":53,"column":0},"end":{"line":53,"column":49}},"53":{"start":{"line":54,"column":0},"end":{"line":54,"column":73}},"54":{"start":{"line":55,"column":0},"end":{"line":55,"column":47}},"55":{"start":{"line":56,"column":0},"end":{"line":56,"column":71}},"56":{"start":{"line":57,"column":0},"end":{"line":57,"column":47}},"57":{"start":{"line":58,"column":0},"end":{"line":58,"column":43}},"58":{"start":{"line":59,"column":0},"end":{"line":59,"column":10}},"59":{"start":{"line":60,"column":0},"end":{"line":60,"column":8}},"60":{"start":{"line":61,"column":0},"end":{"line":61,"column":21}},"61":{"start":{"line":62,"column":0},"end":{"line":62,"column":28}},"62":{"start":{"line":63,"column":0},"end":{"line":63,"column":40}},"63":{"start":{"line":64,"column":0},"end":{"line":64,"column":40}},"64":{"start":{"line":65,"column":0},"end":{"line":65,"column":8}},"65":{"start":{"line":66,"column":0},"end":{"line":66,"column":18}},"66":{"start":{"line":67,"column":0},"end":{"line":67,"column":27}},"67":{"start":{"line":68,"column":0},"end":{"line":68,"column":17}},"68":{"start":{"line":69,"column":0},"end":{"line":69,"column":24}},"69":{"start":{"line":70,"column":0},"end":{"line":70,"column":12}},"70":{"start":{"line":71,"column":0},"end":{"line":71,"column":15}},"71":{"start":{"line":72,"column":0},"end":{"line":72,"column":60}},"72":{"start":{"line":73,"column":0},"end":{"line":73,"column":12}},"73":{"start":{"line":74,"column":0},"end":{"line":74,"column":10}},"74":{"start":{"line":75,"column":0},"end":{"line":75,"column":25}},"75":{"start":{"line":76,"column":0},"end":{"line":76,"column":17}},"76":{"start":{"line":77,"column":0},"end":{"line":77,"column":60}},"77":{"start":{"line":78,"column":0},"end":{"line":78,"column":12}},"78":{"start":{"line":79,"column":0},"end":{"line":79,"column":15}},"79":{"start":{"line":80,"column":0},"end":{"line":80,"column":24}},"80":{"start":{"line":81,"column":0},"end":{"line":81,"column":12}},"81":{"start":{"line":82,"column":0},"end":{"line":82,"column":10}},"82":{"start":{"line":83,"column":0},"end":{"line":83,"column":8}},"83":{"start":{"line":84,"column":0},"end":{"line":84,"column":18}},"84":{"start":{"line":85,"column":0},"end":{"line":85,"column":57}},"85":{"start":{"line":86,"column":0},"end":{"line":86,"column":53}},"86":{"start":{"line":87,"column":0},"end":{"line":87,"column":8}},"87":{"start":{"line":88,"column":0},"end":{"line":88,"column":6}},"88":{"start":{"line":89,"column":0},"end":{"line":89,"column":4}},"89":{"start":{"line":90,"column":0},"end":{"line":90,"column":44}},"90":{"start":{"line":91,"column":0},"end":{"line":91,"column":19}}},"s":{"0":0,"1":0,"2":0,"3":0,"4":0,"5":0,"6":0,"7":0,"8":0,"9":0,"10":0,"11":0,"12":0,"13":0,"14":0,"15":0,"16":0,"17":0,"18":0,"19":0,"20":0,"21":0,"22":0,"23":0,"24":0,"25":0,"26":0,"27":0,"28":0,"29":0,"30":0,"31":0,"32":0,"33":0,"34":0,"35":0,"36":0,"37":0,"38":0,"39":0,"40":0,"41":0,"42":0,"43":0,"44":0,"45":0,"46":0,"47":0,"48":0,"49":0,"50":0,"51":0,"52":0,"53":0,"54":0,"55":0,"56":0,"57":0,"58":0,"59":0,"60":0,"61":0,"62":0,"63":0,"64":0,"65":0,"66":0,"67":0,"68":0,"69":0,"70":0,"71":0,"72":0,"73":0,"74":0,"75":0,"76":0,"77":0,"78":0,"79":0,"80":0,"81":0,"82":0,"83":0,"84":0,"85":0,"86":0,"87":0,"88":0,"89":0,"90":0},"branchMap":{"0":{"type":"branch","line":1,"loc":{"start":{"line":1,"column":0},"end":{"line":91,"column":19}},"locations":[{"start":{"line":1,"column":0},"end":{"line":91,"column":19}}]}},"b":{"0":[0]},"fnMap":{"0":{"name":"(empty-report)","decl":{"start":{"line":1,"column":0},"end":{"line":91,"column":19}},"loc":{"start":{"line":1,"column":0},"end":{"line":91,"column":19}},"line":1}},"f":{"0":0}}
,"C:\\Users\\cheon\\Downloads\\StudySound AI (1)\\android\\app\\build\\intermediates\\assets\\debug\\mergeDebugAssets\\native-bridge.js": {"path":"C:\\Users\\cheon\\Downloads\\StudySound AI (1)\\android\\app\\build\\intermediates\\assets\\debug\\mergeDebugAssets\\native-bridge.js","all":true,"statementMap":{"0":{"start":{"line":1,"column":0},"end":{"line":1,"column":0}},"1":{"start":{"line":2,"column":0},"end":{"line":2,"column":56}},"2":{"start":{"line":3,"column":0},"end":{"line":3,"column":34}},"3":{"start":{"line":4,"column":0},"end":{"line":4,"column":0}},"4":{"start":{"line":5,"column":0},"end":{"line":5,"column":40}},"5":{"start":{"line":6,"column":0},"end":{"line":6,"column":17}},"6":{"start":{"line":7,"column":0},"end":{"line":7,"column":0}},"7":{"start":{"line":8,"column":0},"end":{"line":8,"column":22}},"8":{"start":{"line":9,"column":0},"end":{"line":9,"column":31}},"9":{"start":{"line":10,"column":0},"end":{"line":10,"column":11}},"10":{"start":{"line":11,"column":0},"end":{"line":11,"column":34}},"11":{"start":{"line":12,"column":0},"end":{"line":12,"column":10}},"12":{"start":{"line":13,"column":0},"end":{"line":13,"column":85}},"13":{"start":{"line":14,"column":0},"end":{"line":14,"column":32}},"14":{"start":{"line":15,"column":0},"end":{"line":15,"column":11}},"15":{"start":{"line":16,"column":0},"end":{"line":16,"column":57}},"16":{"start":{"line":17,"column":0},"end":{"line":17,"column":11}},"17":{"start":{"line":18,"column":0},"end":{"line":18,"column":32}},"18":{"start":{"line":19,"column":0},"end":{"line":19,"column":10}},"19":{"start":{"line":20,"column":0},"end":{"line":20,"column":62}},"20":{"start":{"line":21,"column":0},"end":{"line":21,"column":83}},"21":{"start":{"line":22,"column":0},"end":{"line":22,"column":67}},"22":{"start":{"line":23,"column":0},"end":{"line":23,"column":11}},"23":{"start":{"line":24,"column":0},"end":{"line":24,"column":53}},"24":{"start":{"line":25,"column":0},"end":{"line":25,"column":46}},"25":{"start":{"line":26,"column":0},"end":{"line":26,"column":44}},"26":{"start":{"line":27,"column":0},"end":{"line":27,"column":42}},"27":{"start":{"line":28,"column":0},"end":{"line":28,"column":27}},"28":{"start":{"line":29,"column":0},"end":{"line":29,"column":35}},"29":{"start":{"line":30,"column":0},"end":{"line":30,"column":29}},"30":{"start":{"line":31,"column":0},"end":{"line":31,"column":29}},"31":{"start":{"line":32,"column":0},"end":{"line":32,"column":9}},"32":{"start":{"line":33,"column":0},"end":{"line":33,"column":5}},"33":{"start":{"line":34,"column":0},"end":{"line":34,"column":0}},"34":{"start":{"line":35,"column":0},"end":{"line":35,"column":70}},"35":{"start":{"line":36,"column":0},"end":{"line":36,"column":31}},"36":{"start":{"line":37,"column":0},"end":{"line":37,"column":19}},"37":{"start":{"line":38,"column":0},"end":{"line":38,"column":73}},"38":{"start":{"line":39,"column":0},"end":{"line":39,"column":40}},"39":{"start":{"line":40,"column":0},"end":{"line":40,"column":34}},"40":{"start":{"line":41,"column":0},"end":{"line":41,"column":39}},"41":{"start":{"line":42,"column":0},"end":{"line":42,"column":32}},"42":{"start":{"line":43,"column":0},"end":{"line":43,"column":10}},"43":{"start":{"line":44,"column":0},"end":{"line":44,"column":32}},"44":{"start":{"line":45,"column":0},"end":{"line":45,"column":40}},"45":{"start":{"line":46,"column":0},"end":{"line":46,"column":7}},"46":{"start":{"line":47,"column":0},"end":{"line":47,"column":49}},"47":{"start":{"line":48,"column":0},"end":{"line":48,"column":31}},"48":{"start":{"line":49,"column":0},"end":{"line":49,"column":48}},"49":{"start":{"line":50,"column":0},"end":{"line":50,"column":38}},"50":{"start":{"line":51,"column":0},"end":{"line":51,"column":40}},"51":{"start":{"line":52,"column":0},"end":{"line":52,"column":65}},"52":{"start":{"line":53,"column":0},"end":{"line":53,"column":34}},"53":{"start":{"line":54,"column":0},"end":{"line":54,"column":24}},"54":{"start":{"line":55,"column":0},"end":{"line":55,"column":38}},"55":{"start":{"line":56,"column":0},"end":{"line":56,"column":39}},"56":{"start":{"line":57,"column":0},"end":{"line":57,"column":44}},"57":{"start":{"line":58,"column":0},"end":{"line":58,"column":41}},"58":{"start":{"line":59,"column":0},"end":{"line":59,"column":19}},"59":{"start":{"line":60,"column":0},"end":{"line":60,"column":13}},"60":{"start":{"line":61,"column":0},"end":{"line":61,"column":18}},"61":{"start":{"line":62,"column":0},"end":{"line":62,"column":65}},"62":{"start":{"line":63,"column":0},"end":{"line":63,"column":13}},"63":{"start":{"line":64,"column":0},"end":{"line":64,"column":9}},"64":{"start":{"line":65,"column":0},"end":{"line":65,"column":27}},"65":{"start":{"line":66,"column":0},"end":{"line":66,"column":6}},"66":{"start":{"line":67,"column":0},"end":{"line":67,"column":54}},"67":{"start":{"line":68,"column":0},"end":{"line":68,"column":75}},"68":{"start":{"line":69,"column":0},"end":{"line":69,"column":28}},"69":{"start":{"line":70,"column":0},"end":{"line":70,"column":49}},"70":{"start":{"line":71,"column":0},"end":{"line":71,"column":48}},"71":{"start":{"line":72,"column":0},"end":{"line":72,"column":34}},"72":{"start":{"line":73,"column":0},"end":{"line":73,"column":30}},"73":{"start":{"line":74,"column":0},"end":{"line":74,"column":64}},"74":{"start":{"line":75,"column":0},"end":{"line":75,"column":29}},"75":{"start":{"line":76,"column":0},"end":{"line":76,"column":30}},"76":{"start":{"line":77,"column":0},"end":{"line":77,"column":39}},"77":{"start":{"line":78,"column":0},"end":{"line":78,"column":17}},"78":{"start":{"line":79,"column":0},"end":{"line":79,"column":106}},"79":{"start":{"line":80,"column":0},"end":{"line":80,"column":33}},"80":{"start":{"line":81,"column":0},"end":{"line":81,"column":45}},"81":{"start":{"line":82,"column":0},"end":{"line":82,"column":54}},"82":{"start":{"line":83,"column":0},"end":{"line":83,"column":45}},"83":{"start":{"line":84,"column":0},"end":{"line":84,"column":17}},"84":{"start":{"line":85,"column":0},"end":{"line":85,"column":43}},"85":{"start":{"line":86,"column":0},"end":{"line":86,"column":13}},"86":{"start":{"line":87,"column":0},"end":{"line":87,"column":18}},"87":{"start":{"line":88,"column":0},"end":{"line":88,"column":35}},"88":{"start":{"line":89,"column":0},"end":{"line":89,"column":13}},"89":{"start":{"line":90,"column":0},"end":{"line":90,"column":61}},"90":{"start":{"line":91,"column":0},"end":{"line":91,"column":21}},"91":{"start":{"line":92,"column":0},"end":{"line":92,"column":53}},"92":{"start":{"line":93,"column":0},"end":{"line":93,"column":21}},"93":{"start":{"line":94,"column":0},"end":{"line":94,"column":44}},"94":{"start":{"line":95,"column":0},"end":{"line":95,"column":17}},"95":{"start":{"line":96,"column":0},"end":{"line":96,"column":33}},"96":{"start":{"line":97,"column":0},"end":{"line":97,"column":29}},"97":{"start":{"line":98,"column":0},"end":{"line":98,"column":17}},"98":{"start":{"line":99,"column":0},"end":{"line":99,"column":30}},"99":{"start":{"line":100,"column":0},"end":{"line":100,"column":13}},"100":{"start":{"line":101,"column":0},"end":{"line":101,"column":61}},"101":{"start":{"line":102,"column":0},"end":{"line":102,"column":34}},"102":{"start":{"line":103,"column":0},"end":{"line":103,"column":13}},"103":{"start":{"line":104,"column":0},"end":{"line":104,"column":113}},"104":{"start":{"line":105,"column":0},"end":{"line":105,"column":31}},"105":{"start":{"line":106,"column":0},"end":{"line":106,"column":13}},"106":{"start":{"line":107,"column":0},"end":{"line":107,"column":66}},"107":{"start":{"line":108,"column":0},"end":{"line":108,"column":32}},"108":{"start":{"line":109,"column":0},"end":{"line":109,"column":13}},"109":{"start":{"line":110,"column":0},"end":{"line":110,"column":18}},"110":{"start":{"line":111,"column":0},"end":{"line":111,"column":30}},"111":{"start":{"line":112,"column":0},"end":{"line":112,"column":13}},"112":{"start":{"line":113,"column":0},"end":{"line":113,"column":20}},"113":{"start":{"line":114,"column":0},"end":{"line":114,"column":21}},"114":{"start":{"line":115,"column":0},"end":{"line":115,"column":21}},"115":{"start":{"line":116,"column":0},"end":{"line":116,"column":87}},"116":{"start":{"line":117,"column":0},"end":{"line":117,"column":14}},"117":{"start":{"line":118,"column":0},"end":{"line":118,"column":9}},"118":{"start":{"line":119,"column":0},"end":{"line":119,"column":51}},"119":{"start":{"line":120,"column":0},"end":{"line":120,"column":20}},"120":{"start":{"line":121,"column":0},"end":{"line":121,"column":38}},"121":{"start":{"line":122,"column":0},"end":{"line":122,"column":29}},"122":{"start":{"line":123,"column":0},"end":{"line":123,"column":14}},"123":{"start":{"line":124,"column":0},"end":{"line":124,"column":9}},"124":{"start":{"line":125,"column":0},"end":{"line":125,"column":44}},"125":{"start":{"line":126,"column":0},"end":{"line":126,"column":20}},"126":{"start":{"line":127,"column":0},"end":{"line":127,"column":50}},"127":{"start":{"line":128,"column":0},"end":{"line":128,"column":33}},"128":{"start":{"line":129,"column":0},"end":{"line":129,"column":14}},"129":{"start":{"line":130,"column":0},"end":{"line":130,"column":9}},"130":{"start":{"line":131,"column":0},"end":{"line":131,"column":40}},"131":{"start":{"line":132,"column":0},"end":{"line":132,"column":58}},"132":{"start":{"line":133,"column":0},"end":{"line":133,"column":20}},"133":{"start":{"line":134,"column":0},"end":{"line":134,"column":31}},"134":{"start":{"line":135,"column":0},"end":{"line":135,"column":29}},"135":{"start":{"line":136,"column":0},"end":{"line":136,"column":55}},"136":{"start":{"line":137,"column":0},"end":{"line":137,"column":14}},"137":{"start":{"line":138,"column":0},"end":{"line":138,"column":9}},"138":{"start":{"line":139,"column":0},"end":{"line":139,"column":44}},"139":{"start":{"line":140,"column":0},"end":{"line":140,"column":6}},"140":{"start":{"line":141,"column":0},"end":{"line":141,"column":71}},"141":{"start":{"line":142,"column":0},"end":{"line":142,"column":53}},"142":{"start":{"line":143,"column":0},"end":{"line":143,"column":35}},"143":{"start":{"line":144,"column":0},"end":{"line":144,"column":153}},"144":{"start":{"line":145,"column":0},"end":{"line":145,"column":35}},"145":{"start":{"line":146,"column":0},"end":{"line":146,"column":42}},"146":{"start":{"line":147,"column":0},"end":{"line":147,"column":19}},"147":{"start":{"line":148,"column":0},"end":{"line":148,"column":38}},"148":{"start":{"line":149,"column":0},"end":{"line":149,"column":23}},"149":{"start":{"line":150,"column":0},"end":{"line":150,"column":154}},"150":{"start":{"line":151,"column":0},"end":{"line":151,"column":56}},"151":{"start":{"line":152,"column":0},"end":{"line":152,"column":81}},"152":{"start":{"line":153,"column":0},"end":{"line":153,"column":36}},"153":{"start":{"line":154,"column":0},"end":{"line":154,"column":6}},"154":{"start":{"line":155,"column":0},"end":{"line":155,"column":31}},"155":{"start":{"line":156,"column":0},"end":{"line":156,"column":40}},"156":{"start":{"line":157,"column":0},"end":{"line":157,"column":23}},"157":{"start":{"line":158,"column":0},"end":{"line":158,"column":78}},"158":{"start":{"line":159,"column":0},"end":{"line":159,"column":33}},"159":{"start":{"line":160,"column":0},"end":{"line":160,"column":13}},"160":{"start":{"line":161,"column":0},"end":{"line":161,"column":193}},"161":{"start":{"line":162,"column":0},"end":{"line":162,"column":29}},"162":{"start":{"line":163,"column":0},"end":{"line":163,"column":13}},"163":{"start":{"line":164,"column":0},"end":{"line":164,"column":18}},"164":{"start":{"line":165,"column":0},"end":{"line":165,"column":29}},"165":{"start":{"line":166,"column":0},"end":{"line":166,"column":13}},"166":{"start":{"line":167,"column":0},"end":{"line":167,"column":10}},"167":{"start":{"line":168,"column":0},"end":{"line":168,"column":73}},"168":{"start":{"line":169,"column":0},"end":{"line":169,"column":47}},"169":{"start":{"line":170,"column":0},"end":{"line":170,"column":47}},"170":{"start":{"line":171,"column":0},"end":{"line":171,"column":77}},"171":{"start":{"line":172,"column":0},"end":{"line":172,"column":17}},"172":{"start":{"line":173,"column":0},"end":{"line":173,"column":58}},"173":{"start":{"line":174,"column":0},"end":{"line":174,"column":95}},"174":{"start":{"line":175,"column":0},"end":{"line":175,"column":17}},"175":{"start":{"line":176,"column":0},"end":{"line":176,"column":61}},"176":{"start":{"line":177,"column":0},"end":{"line":177,"column":100}},"177":{"start":{"line":178,"column":0},"end":{"line":178,"column":17}},"178":{"start":{"line":179,"column":0},"end":{"line":179,"column":13}},"179":{"start":{"line":180,"column":0},"end":{"line":180,"column":28}},"180":{"start":{"line":181,"column":0},"end":{"line":181,"column":10}},"181":{"start":{"line":182,"column":0},"end":{"line":182,"column":42}},"182":{"start":{"line":183,"column":0},"end":{"line":183,"column":68}},"183":{"start":{"line":184,"column":0},"end":{"line":184,"column":82}},"184":{"start":{"line":185,"column":0},"end":{"line":185,"column":41}},"185":{"start":{"line":186,"column":0},"end":{"line":186,"column":29}},"186":{"start":{"line":187,"column":0},"end":{"line":187,"column":24}},"187":{"start":{"line":188,"column":0},"end":{"line":188,"column":41}},"188":{"start":{"line":189,"column":0},"end":{"line":189,"column":31}},"189":{"start":{"line":190,"column":0},"end":{"line":190,"column":175}},"190":{"start":{"line":191,"column":0},"end":{"line":191,"column":88}},"191":{"start":{"line":192,"column":0},"end":{"line":192,"column":22}},"192":{"start":{"line":193,"column":0},"end":{"line":193,"column":18}},"193":{"start":{"line":194,"column":0},"end":{"line":194,"column":14}},"194":{"start":{"line":195,"column":0},"end":{"line":195,"column":83}},"195":{"start":{"line":196,"column":0},"end":{"line":196,"column":66}},"196":{"start":{"line":197,"column":0},"end":{"line":197,"column":43}},"197":{"start":{"line":198,"column":0},"end":{"line":198,"column":41}},"198":{"start":{"line":199,"column":0},"end":{"line":199,"column":29}},"199":{"start":{"line":200,"column":0},"end":{"line":200,"column":14}},"200":{"start":{"line":201,"column":0},"end":{"line":201,"column":57}},"201":{"start":{"line":202,"column":0},"end":{"line":202,"column":41}},"202":{"start":{"line":203,"column":0},"end":{"line":203,"column":26}},"203":{"start":{"line":204,"column":0},"end":{"line":204,"column":57}},"204":{"start":{"line":205,"column":0},"end":{"line":205,"column":58}},"205":{"start":{"line":206,"column":0},"end":{"line":206,"column":69}},"206":{"start":{"line":207,"column":0},"end":{"line":207,"column":52}},"207":{"start":{"line":208,"column":0},"end":{"line":208,"column":77}},"208":{"start":{"line":209,"column":0},"end":{"line":209,"column":62}},"209":{"start":{"line":210,"column":0},"end":{"line":210,"column":53}},"210":{"start":{"line":211,"column":0},"end":{"line":211,"column":29}},"211":{"start":{"line":212,"column":0},"end":{"line":212,"column":25}},"212":{"start":{"line":213,"column":0},"end":{"line":213,"column":21}},"213":{"start":{"line":214,"column":0},"end":{"line":214,"column":30}},"214":{"start":{"line":215,"column":0},"end":{"line":215,"column":17}},"215":{"start":{"line":216,"column":0},"end":{"line":216,"column":28}},"216":{"start":{"line":217,"column":0},"end":{"line":217,"column":14}},"217":{"start":{"line":218,"column":0},"end":{"line":218,"column":66}},"218":{"start":{"line":219,"column":0},"end":{"line":219,"column":41}},"219":{"start":{"line":220,"column":0},"end":{"line":220,"column":44}},"220":{"start":{"line":221,"column":0},"end":{"line":221,"column":44}},"221":{"start":{"line":222,"column":0},"end":{"line":222,"column":65}},"222":{"start":{"line":223,"column":0},"end":{"line":223,"column":25}},"223":{"start":{"line":224,"column":0},"end":{"line":224,"column":48}},"224":{"start":{"line":225,"column":0},"end":{"line":225,"column":106}},"225":{"start":{"line":226,"column":0},"end":{"line":226,"column":76}},"226":{"start":{"line":227,"column":0},"end":{"line":227,"column":40}},"227":{"start":{"line":228,"column":0},"end":{"line":228,"column":25}},"228":{"start":{"line":229,"column":0},"end":{"line":229,"column":95}},"229":{"start":{"line":230,"column":0},"end":{"line":230,"column":57}},"230":{"start":{"line":231,"column":0},"end":{"line":231,"column":25}},"231":{"start":{"line":232,"column":0},"end":{"line":232,"column":21}},"232":{"start":{"line":233,"column":0},"end":{"line":233,"column":72}},"233":{"start":{"line":234,"column":0},"end":{"line":234,"column":53}},"234":{"start":{"line":235,"column":0},"end":{"line":235,"column":21}},"235":{"start":{"line":236,"column":0},"end":{"line":236,"column":91}},"236":{"start":{"line":237,"column":0},"end":{"line":237,"column":67}},"237":{"start":{"line":238,"column":0},"end":{"line":238,"column":39}},"238":{"start":{"line":239,"column":0},"end":{"line":239,"column":62}},"239":{"start":{"line":240,"column":0},"end":{"line":240,"column":25}},"240":{"start":{"line":241,"column":0},"end":{"line":241,"column":21}},"241":{"start":{"line":242,"column":0},"end":{"line":242,"column":17}},"242":{"start":{"line":243,"column":0},"end":{"line":243,"column":29}},"243":{"start":{"line":244,"column":0},"end":{"line":244,"column":14}},"244":{"start":{"line":245,"column":0},"end":{"line":245,"column":32}},"245":{"start":{"line":246,"column":0},"end":{"line":246,"column":10}},"246":{"start":{"line":247,"column":0},"end":{"line":247,"column":50}},"247":{"start":{"line":248,"column":0},"end":{"line":248,"column":55}},"248":{"start":{"line":249,"column":0},"end":{"line":249,"column":44}},"249":{"start":{"line":250,"column":0},"end":{"line":250,"column":37}},"250":{"start":{"line":251,"column":0},"end":{"line":251,"column":38}},"251":{"start":{"line":252,"column":0},"end":{"line":252,"column":22}},"252":{"start":{"line":253,"column":0},"end":{"line":253,"column":40}},"253":{"start":{"line":254,"column":0},"end":{"line":254,"column":41}},"254":{"start":{"line":255,"column":0},"end":{"line":255,"column":27}},"255":{"start":{"line":256,"column":0},"end":{"line":256,"column":92}},"256":{"start":{"line":257,"column":0},"end":{"line":257,"column":69}},"257":{"start":{"line":258,"column":0},"end":{"line":258,"column":21}},"258":{"start":{"line":259,"column":0},"end":{"line":259,"column":26}},"259":{"start":{"line":260,"column":0},"end":{"line":260,"column":65}},"260":{"start":{"line":261,"column":0},"end":{"line":261,"column":21}},"261":{"start":{"line":262,"column":0},"end":{"line":262,"column":18}},"262":{"start":{"line":263,"column":0},"end":{"line":263,"column":13}},"263":{"start":{"line":264,"column":0},"end":{"line":264,"column":22}},"264":{"start":{"line":265,"column":0},"end":{"line":265,"column":65}},"265":{"start":{"line":266,"column":0},"end":{"line":266,"column":53}},"266":{"start":{"line":267,"column":0},"end":{"line":267,"column":27}},"267":{"start":{"line":268,"column":0},"end":{"line":268,"column":46}},"268":{"start":{"line":269,"column":0},"end":{"line":269,"column":44}},"269":{"start":{"line":270,"column":0},"end":{"line":270,"column":65}},"270":{"start":{"line":271,"column":0},"end":{"line":271,"column":56}},"271":{"start":{"line":272,"column":0},"end":{"line":272,"column":21}},"272":{"start":{"line":273,"column":0},"end":{"line":273,"column":77}},"273":{"start":{"line":274,"column":0},"end":{"line":274,"column":83}},"274":{"start":{"line":275,"column":0},"end":{"line":275,"column":45}},"275":{"start":{"line":276,"column":0},"end":{"line":276,"column":96}},"276":{"start":{"line":277,"column":0},"end":{"line":277,"column":73}},"277":{"start":{"line":278,"column":0},"end":{"line":278,"column":25}},"278":{"start":{"line":279,"column":0},"end":{"line":279,"column":30}},"279":{"start":{"line":280,"column":0},"end":{"line":280,"column":77}},"280":{"start":{"line":281,"column":0},"end":{"line":281,"column":41}},"281":{"start":{"line":282,"column":0},"end":{"line":282,"column":31}},"282":{"start":{"line":283,"column":0},"end":{"line":283,"column":25}},"283":{"start":{"line":284,"column":0},"end":{"line":284,"column":21}},"284":{"start":{"line":285,"column":0},"end":{"line":285,"column":64}},"285":{"start":{"line":286,"column":0},"end":{"line":286,"column":18}},"286":{"start":{"line":287,"column":0},"end":{"line":287,"column":13}},"287":{"start":{"line":288,"column":0},"end":{"line":288,"column":32}},"288":{"start":{"line":289,"column":0},"end":{"line":289,"column":10}},"289":{"start":{"line":290,"column":0},"end":{"line":290,"column":42}},"290":{"start":{"line":291,"column":0},"end":{"line":291,"column":56}},"291":{"start":{"line":292,"column":0},"end":{"line":292,"column":71}},"292":{"start":{"line":293,"column":0},"end":{"line":293,"column":40}},"293":{"start":{"line":294,"column":0},"end":{"line":294,"column":60}},"294":{"start":{"line":295,"column":0},"end":{"line":295,"column":23}},"295":{"start":{"line":296,"column":0},"end":{"line":296,"column":167}},"296":{"start":{"line":297,"column":0},"end":{"line":297,"column":42}},"297":{"start":{"line":298,"column":0},"end":{"line":298,"column":19}},"298":{"start":{"line":299,"column":0},"end":{"line":299,"column":14}},"299":{"start":{"line":300,"column":0},"end":{"line":300,"column":57}},"300":{"start":{"line":301,"column":0},"end":{"line":301,"column":23}},"301":{"start":{"line":302,"column":0},"end":{"line":302,"column":158}},"302":{"start":{"line":303,"column":0},"end":{"line":303,"column":14}},"303":{"start":{"line":304,"column":0},"end":{"line":304,"column":56}},"304":{"start":{"line":305,"column":0},"end":{"line":305,"column":23}},"305":{"start":{"line":306,"column":0},"end":{"line":306,"column":157}},"306":{"start":{"line":307,"column":0},"end":{"line":307,"column":14}},"307":{"start":{"line":308,"column":0},"end":{"line":308,"column":56}},"308":{"start":{"line":309,"column":0},"end":{"line":309,"column":23}},"309":{"start":{"line":310,"column":0},"end":{"line":310,"column":153}},"310":{"start":{"line":311,"column":0},"end":{"line":311,"column":14}},"311":{"start":{"line":312,"column":0},"end":{"line":312,"column":75}},"312":{"start":{"line":313,"column":0},"end":{"line":313,"column":32}},"313":{"start":{"line":314,"column":0},"end":{"line":314,"column":45}},"314":{"start":{"line":315,"column":0},"end":{"line":315,"column":10}},"315":{"start":{"line":316,"column":0},"end":{"line":316,"column":42}},"316":{"start":{"line":317,"column":0},"end":{"line":317,"column":95}},"317":{"start":{"line":318,"column":0},"end":{"line":318,"column":60}},"318":{"start":{"line":319,"column":0},"end":{"line":319,"column":39}},"319":{"start":{"line":320,"column":0},"end":{"line":320,"column":60}},"320":{"start":{"line":321,"column":0},"end":{"line":321,"column":45}},"321":{"start":{"line":322,"column":0},"end":{"line":322,"column":81}},"322":{"start":{"line":323,"column":0},"end":{"line":323,"column":81}},"323":{"start":{"line":324,"column":0},"end":{"line":324,"column":195}},"324":{"start":{"line":325,"column":0},"end":{"line":325,"column":51}},"325":{"start":{"line":326,"column":0},"end":{"line":326,"column":46}},"326":{"start":{"line":327,"column":0},"end":{"line":327,"column":21}},"327":{"start":{"line":328,"column":0},"end":{"line":328,"column":26}},"328":{"start":{"line":329,"column":0},"end":{"line":329,"column":59}},"329":{"start":{"line":330,"column":0},"end":{"line":330,"column":21}},"330":{"start":{"line":331,"column":0},"end":{"line":331,"column":33}},"331":{"start":{"line":332,"column":0},"end":{"line":332,"column":17}},"332":{"start":{"line":333,"column":0},"end":{"line":333,"column":22}},"333":{"start":{"line":334,"column":0},"end":{"line":334,"column":51}},"334":{"start":{"line":335,"column":0},"end":{"line":335,"column":65}},"335":{"start":{"line":336,"column":0},"end":{"line":336,"column":21}},"336":{"start":{"line":337,"column":0},"end":{"line":337,"column":26}},"337":{"start":{"line":338,"column":0},"end":{"line":338,"column":62}},"338":{"start":{"line":339,"column":0},"end":{"line":339,"column":21}},"339":{"start":{"line":340,"column":0},"end":{"line":340,"column":17}},"340":{"start":{"line":341,"column":0},"end":{"line":341,"column":14}},"341":{"start":{"line":342,"column":0},"end":{"line":342,"column":56}},"342":{"start":{"line":343,"column":0},"end":{"line":343,"column":39}},"343":{"start":{"line":344,"column":0},"end":{"line":344,"column":195}},"344":{"start":{"line":345,"column":0},"end":{"line":345,"column":32}},"345":{"start":{"line":346,"column":0},"end":{"line":346,"column":33}},"346":{"start":{"line":347,"column":0},"end":{"line":347,"column":17}},"347":{"start":{"line":348,"column":0},"end":{"line":348,"column":22}},"348":{"start":{"line":349,"column":0},"end":{"line":349,"column":51}},"349":{"start":{"line":350,"column":0},"end":{"line":350,"column":17}},"350":{"start":{"line":351,"column":0},"end":{"line":351,"column":14}},"351":{"start":{"line":352,"column":0},"end":{"line":352,"column":42}},"352":{"start":{"line":353,"column":0},"end":{"line":353,"column":25}},"353":{"start":{"line":354,"column":0},"end":{"line":354,"column":33}},"354":{"start":{"line":355,"column":0},"end":{"line":355,"column":17}},"355":{"start":{"line":356,"column":0},"end":{"line":356,"column":129}},"356":{"start":{"line":357,"column":0},"end":{"line":357,"column":14}},"357":{"start":{"line":358,"column":0},"end":{"line":358,"column":54}},"358":{"start":{"line":359,"column":0},"end":{"line":359,"column":21}},"359":{"start":{"line":360,"column":0},"end":{"line":360,"column":50}},"360":{"start":{"line":361,"column":0},"end":{"line":361,"column":50}},"361":{"start":{"line":362,"column":0},"end":{"line":362,"column":21}},"362":{"start":{"line":363,"column":0},"end":{"line":363,"column":39}},"363":{"start":{"line":364,"column":0},"end":{"line":364,"column":17}},"364":{"start":{"line":365,"column":0},"end":{"line":365,"column":27}},"365":{"start":{"line":366,"column":0},"end":{"line":366,"column":30}},"366":{"start":{"line":367,"column":0},"end":{"line":367,"column":17}},"367":{"start":{"line":368,"column":0},"end":{"line":368,"column":14}},"368":{"start":{"line":369,"column":0},"end":{"line":369,"column":48}},"369":{"start":{"line":370,"column":0},"end":{"line":370,"column":106}},"370":{"start":{"line":371,"column":0},"end":{"line":371,"column":57}},"371":{"start":{"line":372,"column":0},"end":{"line":372,"column":75}},"372":{"start":{"line":373,"column":0},"end":{"line":373,"column":73}},"373":{"start":{"line":374,"column":0},"end":{"line":374,"column":19}},"374":{"start":{"line":375,"column":0},"end":{"line":375,"column":13}},"375":{"start":{"line":376,"column":0},"end":{"line":376,"column":61}},"376":{"start":{"line":377,"column":0},"end":{"line":377,"column":55}},"377":{"start":{"line":378,"column":0},"end":{"line":378,"column":48}},"378":{"start":{"line":379,"column":0},"end":{"line":379,"column":84}},"379":{"start":{"line":380,"column":0},"end":{"line":380,"column":90}},"380":{"start":{"line":381,"column":0},"end":{"line":381,"column":43}},"381":{"start":{"line":382,"column":0},"end":{"line":382,"column":73}},"382":{"start":{"line":383,"column":0},"end":{"line":383,"column":41}},"383":{"start":{"line":384,"column":0},"end":{"line":384,"column":80}},"384":{"start":{"line":385,"column":0},"end":{"line":385,"column":148}},"385":{"start":{"line":386,"column":0},"end":{"line":386,"column":37}},"386":{"start":{"line":387,"column":0},"end":{"line":387,"column":59}},"387":{"start":{"line":388,"column":0},"end":{"line":388,"column":22}},"388":{"start":{"line":389,"column":0},"end":{"line":389,"column":77}},"389":{"start":{"line":390,"column":0},"end":{"line":390,"column":54}},"390":{"start":{"line":391,"column":0},"end":{"line":391,"column":46}},"391":{"start":{"line":392,"column":0},"end":{"line":392,"column":21}},"392":{"start":{"line":393,"column":0},"end":{"line":393,"column":17}},"393":{"start":{"line":394,"column":0},"end":{"line":394,"column":87}},"394":{"start":{"line":395,"column":0},"end":{"line":395,"column":94}},"395":{"start":{"line":396,"column":0},"end":{"line":396,"column":52}},"396":{"start":{"line":397,"column":0},"end":{"line":397,"column":46}},"397":{"start":{"line":398,"column":0},"end":{"line":398,"column":21}},"398":{"start":{"line":399,"column":0},"end":{"line":399,"column":17}},"399":{"start":{"line":400,"column":0},"end":{"line":400,"column":37}},"400":{"start":{"line":401,"column":0},"end":{"line":401,"column":63}},"401":{"start":{"line":402,"column":0},"end":{"line":402,"column":42}},"402":{"start":{"line":403,"column":0},"end":{"line":403,"column":43}},"403":{"start":{"line":404,"column":0},"end":{"line":404,"column":53}},"404":{"start":{"line":405,"column":0},"end":{"line":405,"column":75}},"405":{"start":{"line":406,"column":0},"end":{"line":406,"column":160}},"406":{"start":{"line":407,"column":0},"end":{"line":407,"column":49}},"407":{"start":{"line":408,"column":0},"end":{"line":408,"column":65}},"408":{"start":{"line":409,"column":0},"end":{"line":409,"column":34}},"409":{"start":{"line":410,"column":0},"end":{"line":410,"column":76}},"410":{"start":{"line":411,"column":0},"end":{"line":411,"column":43}},"411":{"start":{"line":412,"column":0},"end":{"line":412,"column":29}},"412":{"start":{"line":413,"column":0},"end":{"line":413,"column":99}},"413":{"start":{"line":414,"column":0},"end":{"line":414,"column":129}},"414":{"start":{"line":415,"column":0},"end":{"line":415,"column":226}},"415":{"start":{"line":416,"column":0},"end":{"line":416,"column":29}},"416":{"start":{"line":417,"column":0},"end":{"line":417,"column":26}},"417":{"start":{"line":418,"column":0},"end":{"line":418,"column":45}},"418":{"start":{"line":419,"column":0},"end":{"line":419,"column":63}},"419":{"start":{"line":420,"column":0},"end":{"line":420,"column":88}},"420":{"start":{"line":421,"column":0},"end":{"line":421,"column":118}},"421":{"start":{"line":422,"column":0},"end":{"line":422,"column":68}},"422":{"start":{"line":423,"column":0},"end":{"line":423,"column":37}},"423":{"start":{"line":424,"column":0},"end":{"line":424,"column":53}},"424":{"start":{"line":425,"column":0},"end":{"line":425,"column":75}},"425":{"start":{"line":426,"column":0},"end":{"line":426,"column":160}},"426":{"start":{"line":427,"column":0},"end":{"line":427,"column":49}},"427":{"start":{"line":428,"column":0},"end":{"line":428,"column":65}},"428":{"start":{"line":429,"column":0},"end":{"line":429,"column":48}},"429":{"start":{"line":430,"column":0},"end":{"line":430,"column":43}},"430":{"start":{"line":431,"column":0},"end":{"line":431,"column":34}},"431":{"start":{"line":432,"column":0},"end":{"line":432,"column":64}},"432":{"start":{"line":433,"column":0},"end":{"line":433,"column":29}},"433":{"start":{"line":434,"column":0},"end":{"line":434,"column":99}},"434":{"start":{"line":435,"column":0},"end":{"line":435,"column":92}},"435":{"start":{"line":436,"column":0},"end":{"line":436,"column":29}},"436":{"start":{"line":437,"column":0},"end":{"line":437,"column":26}},"437":{"start":{"line":438,"column":0},"end":{"line":438,"column":23}},"438":{"start":{"line":439,"column":0},"end":{"line":439,"column":17}},"439":{"start":{"line":440,"column":0},"end":{"line":440,"column":51}},"440":{"start":{"line":441,"column":0},"end":{"line":441,"column":55}},"441":{"start":{"line":442,"column":0},"end":{"line":442,"column":53}},"442":{"start":{"line":443,"column":0},"end":{"line":443,"column":50}},"443":{"start":{"line":444,"column":0},"end":{"line":444,"column":65}},"444":{"start":{"line":445,"column":0},"end":{"line":445,"column":77}},"445":{"start":{"line":446,"column":0},"end":{"line":446,"column":54}},"446":{"start":{"line":447,"column":0},"end":{"line":447,"column":97}},"447":{"start":{"line":448,"column":0},"end":{"line":448,"column":89}},"448":{"start":{"line":449,"column":0},"end":{"line":449,"column":63}},"449":{"start":{"line":450,"column":0},"end":{"line":450,"column":63}},"450":{"start":{"line":451,"column":0},"end":{"line":451,"column":63}},"451":{"start":{"line":452,"column":0},"end":{"line":452,"column":87}},"452":{"start":{"line":453,"column":0},"end":{"line":453,"column":18}},"453":{"start":{"line":454,"column":0},"end":{"line":454,"column":40}},"454":{"start":{"line":455,"column":0},"end":{"line":455,"column":70}},"455":{"start":{"line":456,"column":0},"end":{"line":456,"column":41}},"456":{"start":{"line":457,"column":0},"end":{"line":457,"column":77}},"457":{"start":{"line":458,"column":0},"end":{"line":458,"column":148}},"458":{"start":{"line":459,"column":0},"end":{"line":459,"column":37}},"459":{"start":{"line":460,"column":0},"end":{"line":460,"column":46}},"460":{"start":{"line":461,"column":0},"end":{"line":461,"column":22}},"461":{"start":{"line":462,"column":0},"end":{"line":462,"column":74}},"462":{"start":{"line":463,"column":0},"end":{"line":463,"column":51}},"463":{"start":{"line":464,"column":0},"end":{"line":464,"column":43}},"464":{"start":{"line":465,"column":0},"end":{"line":465,"column":21}},"465":{"start":{"line":466,"column":0},"end":{"line":466,"column":17}},"466":{"start":{"line":467,"column":0},"end":{"line":467,"column":84}},"467":{"start":{"line":468,"column":0},"end":{"line":468,"column":88}},"468":{"start":{"line":469,"column":0},"end":{"line":469,"column":49}},"469":{"start":{"line":470,"column":0},"end":{"line":470,"column":43}},"470":{"start":{"line":471,"column":0},"end":{"line":471,"column":21}},"471":{"start":{"line":472,"column":0},"end":{"line":472,"column":17}},"472":{"start":{"line":473,"column":0},"end":{"line":473,"column":34}},"473":{"start":{"line":474,"column":0},"end":{"line":474,"column":34}},"474":{"start":{"line":475,"column":0},"end":{"line":475,"column":65}},"475":{"start":{"line":476,"column":0},"end":{"line":476,"column":119}},"476":{"start":{"line":477,"column":0},"end":{"line":477,"column":103}},"477":{"start":{"line":478,"column":0},"end":{"line":478,"column":115}},"478":{"start":{"line":479,"column":0},"end":{"line":479,"column":134}},"479":{"start":{"line":480,"column":0},"end":{"line":480,"column":64}},"480":{"start":{"line":481,"column":0},"end":{"line":481,"column":59}},"481":{"start":{"line":482,"column":0},"end":{"line":482,"column":59}},"482":{"start":{"line":483,"column":0},"end":{"line":483,"column":54}},"483":{"start":{"line":484,"column":0},"end":{"line":484,"column":25}},"484":{"start":{"line":485,"column":0},"end":{"line":485,"column":71}},"485":{"start":{"line":486,"column":0},"end":{"line":486,"column":79}},"486":{"start":{"line":487,"column":0},"end":{"line":487,"column":76}},"487":{"start":{"line":488,"column":0},"end":{"line":488,"column":25}},"488":{"start":{"line":489,"column":0},"end":{"line":489,"column":51}},"489":{"start":{"line":490,"column":0},"end":{"line":490,"column":67}},"490":{"start":{"line":491,"column":0},"end":{"line":491,"column":68}},"491":{"start":{"line":492,"column":0},"end":{"line":492,"column":71}},"492":{"start":{"line":493,"column":0},"end":{"line":493,"column":69}},"493":{"start":{"line":494,"column":0},"end":{"line":494,"column":80}},"494":{"start":{"line":495,"column":0},"end":{"line":495,"column":74}},"495":{"start":{"line":496,"column":0},"end":{"line":496,"column":100}},"496":{"start":{"line":497,"column":0},"end":{"line":497,"column":61}},"497":{"start":{"line":498,"column":0},"end":{"line":498,"column":128}},"498":{"start":{"line":499,"column":0},"end":{"line":499,"column":105}},"499":{"start":{"line":500,"column":0},"end":{"line":500,"column":57}},"500":{"start":{"line":501,"column":0},"end":{"line":501,"column":79}},"501":{"start":{"line":502,"column":0},"end":{"line":502,"column":62}},"502":{"start":{"line":503,"column":0},"end":{"line":503,"column":33}},"503":{"start":{"line":504,"column":0},"end":{"line":504,"column":29}},"504":{"start":{"line":505,"column":0},"end":{"line":505,"column":63}},"505":{"start":{"line":506,"column":0},"end":{"line":506,"column":107}},"506":{"start":{"line":507,"column":0},"end":{"line":507,"column":29}},"507":{"start":{"line":508,"column":0},"end":{"line":508,"column":63}},"508":{"start":{"line":509,"column":0},"end":{"line":509,"column":102}},"509":{"start":{"line":510,"column":0},"end":{"line":510,"column":89}},"510":{"start":{"line":511,"column":0},"end":{"line":511,"column":29}},"511":{"start":{"line":512,"column":0},"end":{"line":512,"column":67}},"512":{"start":{"line":513,"column":0},"end":{"line":513,"column":113}},"513":{"start":{"line":514,"column":0},"end":{"line":514,"column":93}},"514":{"start":{"line":515,"column":0},"end":{"line":515,"column":29}},"515":{"start":{"line":516,"column":0},"end":{"line":516,"column":25}},"516":{"start":{"line":517,"column":0},"end":{"line":517,"column":84}},"517":{"start":{"line":518,"column":0},"end":{"line":518,"column":42}},"518":{"start":{"line":519,"column":0},"end":{"line":519,"column":29}},"519":{"start":{"line":520,"column":0},"end":{"line":520,"column":53}},"520":{"start":{"line":521,"column":0},"end":{"line":521,"column":96}},"521":{"start":{"line":522,"column":0},"end":{"line":522,"column":259}},"522":{"start":{"line":523,"column":0},"end":{"line":523,"column":114}},"523":{"start":{"line":524,"column":0},"end":{"line":524,"column":57}},"524":{"start":{"line":525,"column":0},"end":{"line":525,"column":64}},"525":{"start":{"line":526,"column":0},"end":{"line":526,"column":92}},"526":{"start":{"line":527,"column":0},"end":{"line":527,"column":33}},"527":{"start":{"line":528,"column":0},"end":{"line":528,"column":64}},"528":{"start":{"line":529,"column":0},"end":{"line":529,"column":92}},"529":{"start":{"line":530,"column":0},"end":{"line":530,"column":33}},"530":{"start":{"line":531,"column":0},"end":{"line":531,"column":29}},"531":{"start":{"line":532,"column":0},"end":{"line":532,"column":104}},"532":{"start":{"line":533,"column":0},"end":{"line":533,"column":49}},"533":{"start":{"line":534,"column":0},"end":{"line":534,"column":47}},"534":{"start":{"line":535,"column":0},"end":{"line":535,"column":50}},"535":{"start":{"line":536,"column":0},"end":{"line":536,"column":47}},"536":{"start":{"line":537,"column":0},"end":{"line":537,"column":55}},"537":{"start":{"line":538,"column":0},"end":{"line":538,"column":31}},"538":{"start":{"line":539,"column":0},"end":{"line":539,"column":129}},"539":{"start":{"line":540,"column":0},"end":{"line":540,"column":141}},"540":{"start":{"line":541,"column":0},"end":{"line":541,"column":69}},"541":{"start":{"line":542,"column":0},"end":{"line":542,"column":54}},"542":{"start":{"line":543,"column":0},"end":{"line":543,"column":77}},"543":{"start":{"line":544,"column":0},"end":{"line":544,"column":64}},"544":{"start":{"line":545,"column":0},"end":{"line":545,"column":44}},"545":{"start":{"line":546,"column":0},"end":{"line":546,"column":29}},"546":{"start":{"line":547,"column":0},"end":{"line":547,"column":74}},"547":{"start":{"line":548,"column":0},"end":{"line":548,"column":65}},"548":{"start":{"line":549,"column":0},"end":{"line":549,"column":64}},"549":{"start":{"line":550,"column":0},"end":{"line":550,"column":62}},"550":{"start":{"line":551,"column":0},"end":{"line":551,"column":31}},"551":{"start":{"line":552,"column":0},"end":{"line":552,"column":30}},"552":{"start":{"line":553,"column":0},"end":{"line":553,"column":107}},"553":{"start":{"line":554,"column":0},"end":{"line":554,"column":113}},"554":{"start":{"line":555,"column":0},"end":{"line":555,"column":72}},"555":{"start":{"line":556,"column":0},"end":{"line":556,"column":33}},"556":{"start":{"line":557,"column":0},"end":{"line":557,"column":68}},"557":{"start":{"line":558,"column":0},"end":{"line":558,"column":58}},"558":{"start":{"line":559,"column":0},"end":{"line":559,"column":31}},"559":{"start":{"line":560,"column":0},"end":{"line":560,"column":49}},"560":{"start":{"line":561,"column":0},"end":{"line":561,"column":44}},"561":{"start":{"line":562,"column":0},"end":{"line":562,"column":25}},"562":{"start":{"line":563,"column":0},"end":{"line":563,"column":39}},"563":{"start":{"line":564,"column":0},"end":{"line":564,"column":49}},"564":{"start":{"line":565,"column":0},"end":{"line":565,"column":57}},"565":{"start":{"line":566,"column":0},"end":{"line":566,"column":25}},"566":{"start":{"line":567,"column":0},"end":{"line":567,"column":22}},"567":{"start":{"line":568,"column":0},"end":{"line":568,"column":57}},"568":{"start":{"line":569,"column":0},"end":{"line":569,"column":85}},"569":{"start":{"line":570,"column":0},"end":{"line":570,"column":54}},"570":{"start":{"line":571,"column":0},"end":{"line":571,"column":39}},"571":{"start":{"line":572,"column":0},"end":{"line":572,"column":42}},"572":{"start":{"line":573,"column":0},"end":{"line":573,"column":47}},"573":{"start":{"line":574,"column":0},"end":{"line":574,"column":30}},"574":{"start":{"line":575,"column":0},"end":{"line":575,"column":38}},"575":{"start":{"line":576,"column":0},"end":{"line":576,"column":50}},"576":{"start":{"line":577,"column":0},"end":{"line":577,"column":47}},"577":{"start":{"line":578,"column":0},"end":{"line":578,"column":30}},"578":{"start":{"line":579,"column":0},"end":{"line":579,"column":27}},"579":{"start":{"line":580,"column":0},"end":{"line":580,"column":83}},"580":{"start":{"line":581,"column":0},"end":{"line":581,"column":144}},"581":{"start":{"line":582,"column":0},"end":{"line":582,"column":42}},"582":{"start":{"line":583,"column":0},"end":{"line":583,"column":55}},"583":{"start":{"line":584,"column":0},"end":{"line":584,"column":66}},"584":{"start":{"line":585,"column":0},"end":{"line":585,"column":87}},"585":{"start":{"line":586,"column":0},"end":{"line":586,"column":29}},"586":{"start":{"line":587,"column":0},"end":{"line":587,"column":48}},"587":{"start":{"line":588,"column":0},"end":{"line":588,"column":46}},"588":{"start":{"line":589,"column":0},"end":{"line":589,"column":71}},"589":{"start":{"line":590,"column":0},"end":{"line":590,"column":73}},"590":{"start":{"line":591,"column":0},"end":{"line":591,"column":31}},"591":{"start":{"line":592,"column":0},"end":{"line":592,"column":26}},"592":{"start":{"line":593,"column":0},"end":{"line":593,"column":41}},"593":{"start":{"line":594,"column":0},"end":{"line":594,"column":65}},"594":{"start":{"line":595,"column":0},"end":{"line":595,"column":70}},"595":{"start":{"line":596,"column":0},"end":{"line":596,"column":44}},"596":{"start":{"line":597,"column":0},"end":{"line":597,"column":48}},"597":{"start":{"line":598,"column":0},"end":{"line":598,"column":57}},"598":{"start":{"line":599,"column":0},"end":{"line":599,"column":58}},"599":{"start":{"line":600,"column":0},"end":{"line":600,"column":61}},"600":{"start":{"line":601,"column":0},"end":{"line":601,"column":59}},"601":{"start":{"line":602,"column":0},"end":{"line":602,"column":64}},"602":{"start":{"line":603,"column":0},"end":{"line":603,"column":103}},"603":{"start":{"line":604,"column":0},"end":{"line":604,"column":33}},"604":{"start":{"line":605,"column":0},"end":{"line":605,"column":75}},"605":{"start":{"line":606,"column":0},"end":{"line":606,"column":105}},"606":{"start":{"line":607,"column":0},"end":{"line":607,"column":29}},"607":{"start":{"line":608,"column":0},"end":{"line":608,"column":59}},"608":{"start":{"line":609,"column":0},"end":{"line":609,"column":45}},"609":{"start":{"line":610,"column":0},"end":{"line":610,"column":54}},"610":{"start":{"line":611,"column":0},"end":{"line":611,"column":47}},"611":{"start":{"line":612,"column":0},"end":{"line":612,"column":106}},"612":{"start":{"line":613,"column":0},"end":{"line":613,"column":38}},"613":{"start":{"line":614,"column":0},"end":{"line":614,"column":57}},"614":{"start":{"line":615,"column":0},"end":{"line":615,"column":63}},"615":{"start":{"line":616,"column":0},"end":{"line":616,"column":58}},"616":{"start":{"line":617,"column":0},"end":{"line":617,"column":94}},"617":{"start":{"line":618,"column":0},"end":{"line":618,"column":43}},"618":{"start":{"line":619,"column":0},"end":{"line":619,"column":38}},"619":{"start":{"line":620,"column":0},"end":{"line":620,"column":34}},"620":{"start":{"line":621,"column":0},"end":{"line":621,"column":31}},"621":{"start":{"line":622,"column":0},"end":{"line":622,"column":46}},"622":{"start":{"line":623,"column":0},"end":{"line":623,"column":75}},"623":{"start":{"line":624,"column":0},"end":{"line":624,"column":31}},"624":{"start":{"line":625,"column":0},"end":{"line":625,"column":48}},"625":{"start":{"line":626,"column":0},"end":{"line":626,"column":26}},"626":{"start":{"line":627,"column":0},"end":{"line":627,"column":55}},"627":{"start":{"line":628,"column":0},"end":{"line":628,"column":79}},"628":{"start":{"line":629,"column":0},"end":{"line":629,"column":85}},"629":{"start":{"line":630,"column":0},"end":{"line":630,"column":74}},"630":{"start":{"line":631,"column":0},"end":{"line":631,"column":100}},"631":{"start":{"line":632,"column":0},"end":{"line":632,"column":61}},"632":{"start":{"line":633,"column":0},"end":{"line":633,"column":113}},"633":{"start":{"line":634,"column":0},"end":{"line":634,"column":60}},"634":{"start":{"line":635,"column":0},"end":{"line":635,"column":29}},"635":{"start":{"line":636,"column":0},"end":{"line":636,"column":66}},"636":{"start":{"line":637,"column":0},"end":{"line":637,"column":113}},"637":{"start":{"line":638,"column":0},"end":{"line":638,"column":29}},"638":{"start":{"line":639,"column":0},"end":{"line":639,"column":58}},"639":{"start":{"line":640,"column":0},"end":{"line":640,"column":26}},"640":{"start":{"line":641,"column":0},"end":{"line":641,"column":41}},"641":{"start":{"line":642,"column":0},"end":{"line":642,"column":58}},"642":{"start":{"line":643,"column":0},"end":{"line":643,"column":66}},"643":{"start":{"line":644,"column":0},"end":{"line":644,"column":92}},"644":{"start":{"line":645,"column":0},"end":{"line":645,"column":29}},"645":{"start":{"line":646,"column":0},"end":{"line":646,"column":98}},"646":{"start":{"line":647,"column":0},"end":{"line":647,"column":46}},"647":{"start":{"line":648,"column":0},"end":{"line":648,"column":33}},"648":{"start":{"line":649,"column":0},"end":{"line":649,"column":52}},"649":{"start":{"line":650,"column":0},"end":{"line":650,"column":63}},"650":{"start":{"line":651,"column":0},"end":{"line":651,"column":47}},"651":{"start":{"line":652,"column":0},"end":{"line":652,"column":50}},"652":{"start":{"line":653,"column":0},"end":{"line":653,"column":55}},"653":{"start":{"line":654,"column":0},"end":{"line":654,"column":38}},"654":{"start":{"line":655,"column":0},"end":{"line":655,"column":51}},"655":{"start":{"line":656,"column":0},"end":{"line":656,"column":50}},"656":{"start":{"line":657,"column":0},"end":{"line":657,"column":55}},"657":{"start":{"line":658,"column":0},"end":{"line":658,"column":38}},"658":{"start":{"line":659,"column":0},"end":{"line":659,"column":50}},"659":{"start":{"line":660,"column":0},"end":{"line":660,"column":50}},"660":{"start":{"line":661,"column":0},"end":{"line":661,"column":55}},"661":{"start":{"line":662,"column":0},"end":{"line":662,"column":38}},"662":{"start":{"line":663,"column":0},"end":{"line":663,"column":45}},"663":{"start":{"line":664,"column":0},"end":{"line":664,"column":49}},"664":{"start":{"line":665,"column":0},"end":{"line":665,"column":55}},"665":{"start":{"line":666,"column":0},"end":{"line":666,"column":38}},"666":{"start":{"line":667,"column":0},"end":{"line":667,"column":35}},"667":{"start":{"line":668,"column":0},"end":{"line":668,"column":85}},"668":{"start":{"line":669,"column":0},"end":{"line":669,"column":146}},"669":{"start":{"line":670,"column":0},"end":{"line":670,"column":67}},"670":{"start":{"line":671,"column":0},"end":{"line":671,"column":111}},"671":{"start":{"line":672,"column":0},"end":{"line":672,"column":228}},"672":{"start":{"line":673,"column":0},"end":{"line":673,"column":41}},"673":{"start":{"line":674,"column":0},"end":{"line":674,"column":37}},"674":{"start":{"line":675,"column":0},"end":{"line":675,"column":77}},"675":{"start":{"line":676,"column":0},"end":{"line":676,"column":39}},"676":{"start":{"line":677,"column":0},"end":{"line":677,"column":84}},"677":{"start":{"line":678,"column":0},"end":{"line":678,"column":55}},"678":{"start":{"line":679,"column":0},"end":{"line":679,"column":61}},"679":{"start":{"line":680,"column":0},"end":{"line":680,"column":79}},"680":{"start":{"line":681,"column":0},"end":{"line":681,"column":105}},"681":{"start":{"line":682,"column":0},"end":{"line":682,"column":55}},"682":{"start":{"line":683,"column":0},"end":{"line":683,"column":38}},"683":{"start":{"line":684,"column":0},"end":{"line":684,"column":67}},"684":{"start":{"line":685,"column":0},"end":{"line":685,"column":47}},"685":{"start":{"line":686,"column":0},"end":{"line":686,"column":86}},"686":{"start":{"line":687,"column":0},"end":{"line":687,"column":67}},"687":{"start":{"line":688,"column":0},"end":{"line":688,"column":94}},"688":{"start":{"line":689,"column":0},"end":{"line":689,"column":77}},"689":{"start":{"line":690,"column":0},"end":{"line":690,"column":98}},"690":{"start":{"line":691,"column":0},"end":{"line":691,"column":75}},"691":{"start":{"line":692,"column":0},"end":{"line":692,"column":87}},"692":{"start":{"line":693,"column":0},"end":{"line":693,"column":86}},"693":{"start":{"line":694,"column":0},"end":{"line":694,"column":52}},"694":{"start":{"line":695,"column":0},"end":{"line":695,"column":45}},"695":{"start":{"line":696,"column":0},"end":{"line":696,"column":83}},"696":{"start":{"line":697,"column":0},"end":{"line":697,"column":80}},"697":{"start":{"line":698,"column":0},"end":{"line":698,"column":107}},"698":{"start":{"line":699,"column":0},"end":{"line":699,"column":63}},"699":{"start":{"line":700,"column":0},"end":{"line":700,"column":91}},"700":{"start":{"line":701,"column":0},"end":{"line":701,"column":93}},"701":{"start":{"line":702,"column":0},"end":{"line":702,"column":78}},"702":{"start":{"line":703,"column":0},"end":{"line":703,"column":45}},"703":{"start":{"line":704,"column":0},"end":{"line":704,"column":50}},"704":{"start":{"line":705,"column":0},"end":{"line":705,"column":84}},"705":{"start":{"line":706,"column":0},"end":{"line":706,"column":45}},"706":{"start":{"line":707,"column":0},"end":{"line":707,"column":226}},"707":{"start":{"line":708,"column":0},"end":{"line":708,"column":85}},"708":{"start":{"line":709,"column":0},"end":{"line":709,"column":70}},"709":{"start":{"line":710,"column":0},"end":{"line":710,"column":82}},"710":{"start":{"line":711,"column":0},"end":{"line":711,"column":64}},"711":{"start":{"line":712,"column":0},"end":{"line":712,"column":62}},"712":{"start":{"line":713,"column":0},"end":{"line":713,"column":86}},"713":{"start":{"line":714,"column":0},"end":{"line":714,"column":89}},"714":{"start":{"line":715,"column":0},"end":{"line":715,"column":47}},"715":{"start":{"line":716,"column":0},"end":{"line":716,"column":41}},"716":{"start":{"line":717,"column":0},"end":{"line":717,"column":61}},"717":{"start":{"line":718,"column":0},"end":{"line":718,"column":38}},"718":{"start":{"line":719,"column":0},"end":{"line":719,"column":59}},"719":{"start":{"line":720,"column":0},"end":{"line":720,"column":67}},"720":{"start":{"line":721,"column":0},"end":{"line":721,"column":70}},"721":{"start":{"line":722,"column":0},"end":{"line":722,"column":67}},"722":{"start":{"line":723,"column":0},"end":{"line":723,"column":87}},"723":{"start":{"line":724,"column":0},"end":{"line":724,"column":69}},"724":{"start":{"line":725,"column":0},"end":{"line":725,"column":60}},"725":{"start":{"line":726,"column":0},"end":{"line":726,"column":73}},"726":{"start":{"line":727,"column":0},"end":{"line":727,"column":94}},"727":{"start":{"line":728,"column":0},"end":{"line":728,"column":72}},"728":{"start":{"line":729,"column":0},"end":{"line":729,"column":58}},"729":{"start":{"line":730,"column":0},"end":{"line":730,"column":57}},"730":{"start":{"line":731,"column":0},"end":{"line":731,"column":48}},"731":{"start":{"line":732,"column":0},"end":{"line":732,"column":41}},"732":{"start":{"line":733,"column":0},"end":{"line":733,"column":58}},"733":{"start":{"line":734,"column":0},"end":{"line":734,"column":83}},"734":{"start":{"line":735,"column":0},"end":{"line":735,"column":85}},"735":{"start":{"line":736,"column":0},"end":{"line":736,"column":43}},"736":{"start":{"line":737,"column":0},"end":{"line":737,"column":61}},"737":{"start":{"line":738,"column":0},"end":{"line":738,"column":39}},"738":{"start":{"line":739,"column":0},"end":{"line":739,"column":35}},"739":{"start":{"line":740,"column":0},"end":{"line":740,"column":29}},"740":{"start":{"line":741,"column":0},"end":{"line":741,"column":43}},"741":{"start":{"line":742,"column":0},"end":{"line":742,"column":50}},"742":{"start":{"line":743,"column":0},"end":{"line":743,"column":51}},"743":{"start":{"line":744,"column":0},"end":{"line":744,"column":54}},"744":{"start":{"line":745,"column":0},"end":{"line":745,"column":69}},"745":{"start":{"line":746,"column":0},"end":{"line":746,"column":61}},"746":{"start":{"line":747,"column":0},"end":{"line":747,"column":52}},"747":{"start":{"line":748,"column":0},"end":{"line":748,"column":65}},"748":{"start":{"line":749,"column":0},"end":{"line":749,"column":86}},"749":{"start":{"line":750,"column":0},"end":{"line":750,"column":64}},"750":{"start":{"line":751,"column":0},"end":{"line":751,"column":50}},"751":{"start":{"line":752,"column":0},"end":{"line":752,"column":49}},"752":{"start":{"line":753,"column":0},"end":{"line":753,"column":40}},"753":{"start":{"line":754,"column":0},"end":{"line":754,"column":33}},"754":{"start":{"line":755,"column":0},"end":{"line":755,"column":50}},"755":{"start":{"line":756,"column":0},"end":{"line":756,"column":75}},"756":{"start":{"line":757,"column":0},"end":{"line":757,"column":77}},"757":{"start":{"line":758,"column":0},"end":{"line":758,"column":35}},"758":{"start":{"line":759,"column":0},"end":{"line":759,"column":53}},"759":{"start":{"line":760,"column":0},"end":{"line":760,"column":29}},"760":{"start":{"line":761,"column":0},"end":{"line":761,"column":26}},"761":{"start":{"line":762,"column":0},"end":{"line":762,"column":58}},"762":{"start":{"line":763,"column":0},"end":{"line":763,"column":71}},"763":{"start":{"line":764,"column":0},"end":{"line":764,"column":66}},"764":{"start":{"line":765,"column":0},"end":{"line":765,"column":103}},"765":{"start":{"line":766,"column":0},"end":{"line":766,"column":29}},"766":{"start":{"line":767,"column":0},"end":{"line":767,"column":50}},"767":{"start":{"line":768,"column":0},"end":{"line":768,"column":62}},"768":{"start":{"line":769,"column":0},"end":{"line":769,"column":58}},"769":{"start":{"line":770,"column":0},"end":{"line":770,"column":93}},"770":{"start":{"line":771,"column":0},"end":{"line":771,"column":33}},"771":{"start":{"line":772,"column":0},"end":{"line":772,"column":29}},"772":{"start":{"line":773,"column":0},"end":{"line":773,"column":48}},"773":{"start":{"line":774,"column":0},"end":{"line":774,"column":26}},"774":{"start":{"line":775,"column":0},"end":{"line":775,"column":54}},"775":{"start":{"line":776,"column":0},"end":{"line":776,"column":71}},"776":{"start":{"line":777,"column":0},"end":{"line":777,"column":66}},"777":{"start":{"line":778,"column":0},"end":{"line":778,"column":105}},"778":{"start":{"line":779,"column":0},"end":{"line":779,"column":29}},"779":{"start":{"line":780,"column":0},"end":{"line":780,"column":55}},"780":{"start":{"line":781,"column":0},"end":{"line":781,"column":26}},"781":{"start":{"line":782,"column":0},"end":{"line":782,"column":62}},"782":{"start":{"line":783,"column":0},"end":{"line":783,"column":35}},"783":{"start":{"line":784,"column":0},"end":{"line":784,"column":22}},"784":{"start":{"line":785,"column":0},"end":{"line":785,"column":100}},"785":{"start":{"line":786,"column":0},"end":{"line":786,"column":17}},"786":{"start":{"line":787,"column":0},"end":{"line":787,"column":13}},"787":{"start":{"line":788,"column":0},"end":{"line":788,"column":73}},"788":{"start":{"line":789,"column":0},"end":{"line":789,"column":55}},"789":{"start":{"line":790,"column":0},"end":{"line":790,"column":39}},"790":{"start":{"line":791,"column":0},"end":{"line":791,"column":104}},"791":{"start":{"line":792,"column":0},"end":{"line":792,"column":80}},"792":{"start":{"line":793,"column":0},"end":{"line":793,"column":37}},"793":{"start":{"line":794,"column":0},"end":{"line":794,"column":45}},"794":{"start":{"line":795,"column":0},"end":{"line":795,"column":51}},"795":{"start":{"line":796,"column":0},"end":{"line":796,"column":60}},"796":{"start":{"line":797,"column":0},"end":{"line":797,"column":46}},"797":{"start":{"line":798,"column":0},"end":{"line":798,"column":85}},"798":{"start":{"line":799,"column":0},"end":{"line":799,"column":31}},"799":{"start":{"line":800,"column":0},"end":{"line":800,"column":58}},"800":{"start":{"line":801,"column":0},"end":{"line":801,"column":26}},"801":{"start":{"line":802,"column":0},"end":{"line":802,"column":22}},"802":{"start":{"line":803,"column":0},"end":{"line":803,"column":33}},"803":{"start":{"line":804,"column":0},"end":{"line":804,"column":24}},"804":{"start":{"line":805,"column":0},"end":{"line":805,"column":13}},"805":{"start":{"line":806,"column":0},"end":{"line":806,"column":41}},"806":{"start":{"line":807,"column":0},"end":{"line":807,"column":32}},"807":{"start":{"line":808,"column":0},"end":{"line":808,"column":33}},"808":{"start":{"line":809,"column":0},"end":{"line":809,"column":47}},"809":{"start":{"line":810,"column":0},"end":{"line":810,"column":30}},"810":{"start":{"line":811,"column":0},"end":{"line":811,"column":32}},"811":{"start":{"line":812,"column":0},"end":{"line":812,"column":46}},"812":{"start":{"line":813,"column":0},"end":{"line":813,"column":30}},"813":{"start":{"line":814,"column":0},"end":{"line":814,"column":32}},"814":{"start":{"line":815,"column":0},"end":{"line":815,"column":46}},"815":{"start":{"line":816,"column":0},"end":{"line":816,"column":30}},"816":{"start":{"line":817,"column":0},"end":{"line":817,"column":28}},"817":{"start":{"line":818,"column":0},"end":{"line":818,"column":45}},"818":{"start":{"line":819,"column":0},"end":{"line":819,"column":17}},"819":{"start":{"line":820,"column":0},"end":{"line":820,"column":14}},"820":{"start":{"line":821,"column":0},"end":{"line":821,"column":61}},"821":{"start":{"line":822,"column":0},"end":{"line":822,"column":65}},"822":{"start":{"line":823,"column":0},"end":{"line":823,"column":62}},"823":{"start":{"line":824,"column":0},"end":{"line":824,"column":32}},"824":{"start":{"line":825,"column":0},"end":{"line":825,"column":10}},"825":{"start":{"line":826,"column":0},"end":{"line":826,"column":40}},"826":{"start":{"line":827,"column":0},"end":{"line":827,"column":44}},"827":{"start":{"line":828,"column":0},"end":{"line":828,"column":70}},"828":{"start":{"line":829,"column":0},"end":{"line":829,"column":40}},"829":{"start":{"line":830,"column":0},"end":{"line":830,"column":110}},"830":{"start":{"line":831,"column":0},"end":{"line":831,"column":54}},"831":{"start":{"line":832,"column":0},"end":{"line":832,"column":99}},"832":{"start":{"line":833,"column":0},"end":{"line":833,"column":59}},"833":{"start":{"line":834,"column":0},"end":{"line":834,"column":66}},"834":{"start":{"line":835,"column":0},"end":{"line":835,"column":58}},"835":{"start":{"line":836,"column":0},"end":{"line":836,"column":72}},"836":{"start":{"line":837,"column":0},"end":{"line":837,"column":36}},"837":{"start":{"line":838,"column":0},"end":{"line":838,"column":48}},"838":{"start":{"line":839,"column":0},"end":{"line":839,"column":57}},"839":{"start":{"line":840,"column":0},"end":{"line":840,"column":42}},"840":{"start":{"line":841,"column":0},"end":{"line":841,"column":102}},"841":{"start":{"line":842,"column":0},"end":{"line":842,"column":52}},"842":{"start":{"line":843,"column":0},"end":{"line":843,"column":53}},"843":{"start":{"line":844,"column":0},"end":{"line":844,"column":51}},"844":{"start":{"line":845,"column":0},"end":{"line":845,"column":35}},"845":{"start":{"line":846,"column":0},"end":{"line":846,"column":42}},"846":{"start":{"line":847,"column":0},"end":{"line":847,"column":27}},"847":{"start":{"line":848,"column":0},"end":{"line":848,"column":25}},"848":{"start":{"line":849,"column":0},"end":{"line":849,"column":76}},"849":{"start":{"line":850,"column":0},"end":{"line":850,"column":21}},"850":{"start":{"line":851,"column":0},"end":{"line":851,"column":31}},"851":{"start":{"line":852,"column":0},"end":{"line":852,"column":134}},"852":{"start":{"line":853,"column":0},"end":{"line":853,"column":21}},"853":{"start":{"line":854,"column":0},"end":{"line":854,"column":18}},"854":{"start":{"line":855,"column":0},"end":{"line":855,"column":13}},"855":{"start":{"line":856,"column":0},"end":{"line":856,"column":52}},"856":{"start":{"line":857,"column":0},"end":{"line":857,"column":31}},"857":{"start":{"line":858,"column":0},"end":{"line":858,"column":42}},"858":{"start":{"line":859,"column":0},"end":{"line":859,"column":27}},"859":{"start":{"line":860,"column":0},"end":{"line":860,"column":25}},"860":{"start":{"line":861,"column":0},"end":{"line":861,"column":70}},"861":{"start":{"line":862,"column":0},"end":{"line":862,"column":76}},"862":{"start":{"line":863,"column":0},"end":{"line":863,"column":21}},"863":{"start":{"line":864,"column":0},"end":{"line":864,"column":31}},"864":{"start":{"line":865,"column":0},"end":{"line":865,"column":134}},"865":{"start":{"line":866,"column":0},"end":{"line":866,"column":21}},"866":{"start":{"line":867,"column":0},"end":{"line":867,"column":18}},"867":{"start":{"line":868,"column":0},"end":{"line":868,"column":13}},"868":{"start":{"line":869,"column":0},"end":{"line":869,"column":74}},"869":{"start":{"line":870,"column":0},"end":{"line":870,"column":46}},"870":{"start":{"line":871,"column":0},"end":{"line":871,"column":55}},"871":{"start":{"line":872,"column":0},"end":{"line":872,"column":22}},"872":{"start":{"line":873,"column":0},"end":{"line":873,"column":36}},"873":{"start":{"line":874,"column":0},"end":{"line":874,"column":41}},"874":{"start":{"line":875,"column":0},"end":{"line":875,"column":32}},"875":{"start":{"line":876,"column":0},"end":{"line":876,"column":41}},"876":{"start":{"line":877,"column":0},"end":{"line":877,"column":37}},"877":{"start":{"line":878,"column":0},"end":{"line":878,"column":41}},"878":{"start":{"line":879,"column":0},"end":{"line":879,"column":42}},"879":{"start":{"line":880,"column":0},"end":{"line":880,"column":61}},"880":{"start":{"line":881,"column":0},"end":{"line":881,"column":26}},"881":{"start":{"line":882,"column":0},"end":{"line":882,"column":22}},"882":{"start":{"line":883,"column":0},"end":{"line":883,"column":39}},"883":{"start":{"line":884,"column":0},"end":{"line":884,"column":45}},"884":{"start":{"line":885,"column":0},"end":{"line":885,"column":21}},"885":{"start":{"line":886,"column":0},"end":{"line":886,"column":41}},"886":{"start":{"line":887,"column":0},"end":{"line":887,"column":17}},"887":{"start":{"line":888,"column":0},"end":{"line":888,"column":29}},"888":{"start":{"line":889,"column":0},"end":{"line":889,"column":14}},"889":{"start":{"line":890,"column":0},"end":{"line":890,"column":28}},"890":{"start":{"line":891,"column":0},"end":{"line":891,"column":55}},"891":{"start":{"line":892,"column":0},"end":{"line":892,"column":13}},"892":{"start":{"line":893,"column":0},"end":{"line":893,"column":33}},"893":{"start":{"line":894,"column":0},"end":{"line":894,"column":15}},"894":{"start":{"line":895,"column":0},"end":{"line":895,"column":60}},"895":{"start":{"line":896,"column":0},"end":{"line":896,"column":15}},"896":{"start":{"line":897,"column":0},"end":{"line":897,"column":81}},"897":{"start":{"line":898,"column":0},"end":{"line":898,"column":27}},"898":{"start":{"line":899,"column":0},"end":{"line":899,"column":21}},"899":{"start":{"line":900,"column":0},"end":{"line":900,"column":61}},"900":{"start":{"line":901,"column":0},"end":{"line":901,"column":46}},"901":{"start":{"line":902,"column":0},"end":{"line":902,"column":45}},"902":{"start":{"line":903,"column":0},"end":{"line":903,"column":126}},"903":{"start":{"line":904,"column":0},"end":{"line":904,"column":62}},"904":{"start":{"line":905,"column":0},"end":{"line":905,"column":67}},"905":{"start":{"line":906,"column":0},"end":{"line":906,"column":70}},"906":{"start":{"line":907,"column":0},"end":{"line":907,"column":25}},"907":{"start":{"line":908,"column":0},"end":{"line":908,"column":42}},"908":{"start":{"line":909,"column":0},"end":{"line":909,"column":51}},"909":{"start":{"line":910,"column":0},"end":{"line":910,"column":49}},"910":{"start":{"line":911,"column":0},"end":{"line":911,"column":51}},"911":{"start":{"line":912,"column":0},"end":{"line":912,"column":51}},"912":{"start":{"line":913,"column":0},"end":{"line":913,"column":26}},"913":{"start":{"line":914,"column":0},"end":{"line":914,"column":79}},"914":{"start":{"line":915,"column":0},"end":{"line":915,"column":54}},"915":{"start":{"line":916,"column":0},"end":{"line":916,"column":25}},"916":{"start":{"line":917,"column":0},"end":{"line":917,"column":55}},"917":{"start":{"line":918,"column":0},"end":{"line":918,"column":47}},"918":{"start":{"line":919,"column":0},"end":{"line":919,"column":42}},"919":{"start":{"line":920,"column":0},"end":{"line":920,"column":21}},"920":{"start":{"line":921,"column":0},"end":{"line":921,"column":26}},"921":{"start":{"line":922,"column":0},"end":{"line":922,"column":179}},"922":{"start":{"line":923,"column":0},"end":{"line":923,"column":21}},"923":{"start":{"line":924,"column":0},"end":{"line":924,"column":17}},"924":{"start":{"line":925,"column":0},"end":{"line":925,"column":27}},"925":{"start":{"line":926,"column":0},"end":{"line":926,"column":130}},"926":{"start":{"line":927,"column":0},"end":{"line":927,"column":17}},"927":{"start":{"line":928,"column":0},"end":{"line":928,"column":28}},"928":{"start":{"line":929,"column":0},"end":{"line":929,"column":14}},"929":{"start":{"line":930,"column":0},"end":{"line":930,"column":78}},"930":{"start":{"line":931,"column":0},"end":{"line":931,"column":64}},"931":{"start":{"line":932,"column":0},"end":{"line":932,"column":57}},"932":{"start":{"line":933,"column":0},"end":{"line":933,"column":18}},"933":{"start":{"line":934,"column":0},"end":{"line":934,"column":13}},"934":{"start":{"line":935,"column":0},"end":{"line":935,"column":15}},"935":{"start":{"line":936,"column":0},"end":{"line":936,"column":56}},"936":{"start":{"line":937,"column":0},"end":{"line":937,"column":15}},"937":{"start":{"line":938,"column":0},"end":{"line":938,"column":42}},"938":{"start":{"line":939,"column":0},"end":{"line":939,"column":37}},"939":{"start":{"line":940,"column":0},"end":{"line":940,"column":14}},"940":{"start":{"line":941,"column":0},"end":{"line":941,"column":46}},"941":{"start":{"line":942,"column":0},"end":{"line":942,"column":27}},"942":{"start":{"line":943,"column":0},"end":{"line":943,"column":76}},"943":{"start":{"line":944,"column":0},"end":{"line":944,"column":46}},"944":{"start":{"line":945,"column":0},"end":{"line":945,"column":17}},"945":{"start":{"line":946,"column":0},"end":{"line":946,"column":52}},"946":{"start":{"line":947,"column":0},"end":{"line":947,"column":21}},"947":{"start":{"line":948,"column":0},"end":{"line":948,"column":72}},"948":{"start":{"line":949,"column":0},"end":{"line":949,"column":37}},"949":{"start":{"line":950,"column":0},"end":{"line":950,"column":61}},"950":{"start":{"line":951,"column":0},"end":{"line":951,"column":43}},"951":{"start":{"line":952,"column":0},"end":{"line":952,"column":89}},"952":{"start":{"line":953,"column":0},"end":{"line":953,"column":91}},"953":{"start":{"line":954,"column":0},"end":{"line":954,"column":103}},"954":{"start":{"line":955,"column":0},"end":{"line":955,"column":61}},"955":{"start":{"line":956,"column":0},"end":{"line":956,"column":43}},"956":{"start":{"line":957,"column":0},"end":{"line":957,"column":54}},"957":{"start":{"line":958,"column":0},"end":{"line":958,"column":25}},"958":{"start":{"line":959,"column":0},"end":{"line":959,"column":72}},"959":{"start":{"line":960,"column":0},"end":{"line":960,"column":39}},"960":{"start":{"line":961,"column":0},"end":{"line":961,"column":49}},"961":{"start":{"line":962,"column":0},"end":{"line":962,"column":65}},"962":{"start":{"line":963,"column":0},"end":{"line":963,"column":29}},"963":{"start":{"line":964,"column":0},"end":{"line":964,"column":34}},"964":{"start":{"line":965,"column":0},"end":{"line":965,"column":72}},"965":{"start":{"line":966,"column":0},"end":{"line":966,"column":29}},"966":{"start":{"line":967,"column":0},"end":{"line":967,"column":25}},"967":{"start":{"line":968,"column":0},"end":{"line":968,"column":76}},"968":{"start":{"line":969,"column":0},"end":{"line":969,"column":38}},"969":{"start":{"line":970,"column":0},"end":{"line":970,"column":49}},"970":{"start":{"line":971,"column":0},"end":{"line":971,"column":64}},"971":{"start":{"line":972,"column":0},"end":{"line":972,"column":29}},"972":{"start":{"line":973,"column":0},"end":{"line":973,"column":34}},"973":{"start":{"line":974,"column":0},"end":{"line":974,"column":64}},"974":{"start":{"line":975,"column":0},"end":{"line":975,"column":29}},"975":{"start":{"line":976,"column":0},"end":{"line":976,"column":67}},"976":{"start":{"line":977,"column":0},"end":{"line":977,"column":68}},"977":{"start":{"line":978,"column":0},"end":{"line":978,"column":64}},"978":{"start":{"line":979,"column":0},"end":{"line":979,"column":25}},"979":{"start":{"line":980,"column":0},"end":{"line":980,"column":21}},"980":{"start":{"line":981,"column":0},"end":{"line":981,"column":63}},"981":{"start":{"line":982,"column":0},"end":{"line":982,"column":85}},"982":{"start":{"line":983,"column":0},"end":{"line":983,"column":144}},"983":{"start":{"line":984,"column":0},"end":{"line":984,"column":21}},"984":{"start":{"line":985,"column":0},"end":{"line":985,"column":48}},"985":{"start":{"line":986,"column":0},"end":{"line":986,"column":60}},"986":{"start":{"line":987,"column":0},"end":{"line":987,"column":21}},"987":{"start":{"line":988,"column":0},"end":{"line":988,"column":17}},"988":{"start":{"line":989,"column":0},"end":{"line":989,"column":27}},"989":{"start":{"line":990,"column":0},"end":{"line":990,"column":130}},"990":{"start":{"line":991,"column":0},"end":{"line":991,"column":17}},"991":{"start":{"line":99
[...]
"line":142,"column":99}},"142":{"start":{"line":143,"column":0},"end":{"line":143,"column":42}},"143":{"start":{"line":144,"column":0},"end":{"line":144,"column":20}},"144":{"start":{"line":145,"column":0},"end":{"line":145,"column":18}},"145":{"start":{"line":146,"column":0},"end":{"line":146,"column":22}},"146":{"start":{"line":147,"column":0},"end":{"line":147,"column":24}},"147":{"start":{"line":148,"column":0},"end":{"line":148,"column":15}},"148":{"start":{"line":149,"column":0},"end":{"line":149,"column":13}},"149":{"start":{"line":150,"column":0},"end":{"line":150,"column":10}},"150":{"start":{"line":151,"column":0},"end":{"line":151,"column":4}},"151":{"start":{"line":152,"column":0},"end":{"line":152,"column":1}}},"s":{"0":0,"1":0,"2":0,"3":0,"4":0,"5":0,"6":0,"7":0,"8":0,"9":0,"10":0,"11":0,"12":0,"13":0,"14":0,"15":0,"16":0,"17":0,"18":0,"19":0,"20":0,"21":0,"22":0,"23":0,"24":0,"25":0,"26":0,"27":0,"28":0,"29":0,"30":0,"31":0,"32":0,"33":0,"34":0,"35":0,"36":0,"37":0,"38":0,"39":0,"40":0,"41":0,"42":0,"43":0,"44":0,"45":0,"46":0,"47":0,"48":0,"49":0,"50":0,"51":0,"52":0,"53":0,"54":0,"55":0,"56":0,"57":0,"58":0,"59":0,"60":0,"61":0,"62":0,"63":0,"64":0,"65":0,"66":0,"67":0,"68":0,"69":0,"70":0,"71":0,"72":0,"73":0,"74":0,"75":0,"76":0,"77":0,"78":0,"79":0,"80":0,"81":0,"82":0,"83":0,"84":0,"85":0,"86":0,"87":0,"88":0,"89":0,"90":0,"91":0,"92":0,"93":0,"94":0,"95":0,"96":0,"97":0,"98":0,"99":0,"100":0,"101":0,"102":0,"103":0,"104":0,"105":0,"106":0,"107":0,"108":0,"109":0,"110":0,"111":0,"112":0,"113":0,"114":0,"115":0,"116":0,"117":0,"118":0,"119":0,"120":0,"121":0,"122":0,"123":0,"124":0,"125":0,"126":0,"127":0,"128":0,"129":0,"130":0,"131":0,"132":0,"133":0,"134":0,"135":0,"136":0,"137":0,"138":0,"139":0,"140":0,"141":0,"142":0,"143":0,"144":0,"145":0,"146":0,"147":0,"148":0,"149":0,"150":0,"151":0},"branchMap":{"0":{"type":"branch","line":1,"loc":{"start":{"line":1,"column":0},"end":{"line":152,"column":1}},"locations":[{"start":{"line":1,"column":0},"end":{"line":152,"column":1}}]}},"b":{"0":[0]},"fnMap":{"0":{"name":"(empty-report)","decl":{"start":{"line":1,"column":0},"end":{"line":152,"column":1}},"loc":{"start":{"line":1,"column":0},"end":{"line":152,"column":1}},"line":1}},"f":{"0":0}}
,"C:\\Users\\cheon\\Downloads\\StudySound AI (1)\\src\\pages\\ResetPassword.tsx": {"path":"C:\\Users\\cheon\\Downloads\\StudySound AI (1)\\src\\pages\\ResetPassword.tsx","all":true,"statementMap":{"0":{"start":{"line":1,"column":0},"end":{"line":1,"column":33}},"1":{"start":{"line":2,"column":0},"end":{"line":2,"column":64}},"2":{"start":{"line":3,"column":0},"end":{"line":3,"column":48}},"3":{"start":{"line":4,"column":0},"end":{"line":4,"column":46}},"4":{"start":{"line":5,"column":0},"end":{"line":5,"column":46}},"5":{"start":{"line":6,"column":0},"end":{"line":6,"column":80}},"6":{"start":{"line":7,"column":0},"end":{"line":7,"column":45}},"7":{"start":{"line":8,"column":0},"end":{"line":8,"column":32}},"8":{"start":{"line":9,"column":0},"end":{"line":9,"column":0}},"9":{"start":{"line":10,"column":0},"end":{"line":10,"column":41}},"10":{"start":{"line":11,"column":0},"end":{"line":11,"column":47}},"11":{"start":{"line":12,"column":0},"end":{"line":12,"column":48}},"12":{"start":{"line":13,"column":0},"end":{"line":13,"column":31}},"13":{"start":{"line":14,"column":0},"end":{"line":14,"column":33}},"14":{"start":{"line":15,"column":0},"end":{"line":15,"column":43}},"15":{"start":{"line":16,"column":0},"end":{"line":16,"column":42}},"16":{"start":{"line":17,"column":0},"end":{"line":17,"column":0}},"17":{"start":{"line":18,"column":0},"end":{"line":18,"column":54}},"18":{"start":{"line":19,"column":0},"end":{"line":19,"column":23}},"19":{"start":{"line":20,"column":0},"end":{"line":20,"column":0}},"20":{"start":{"line":21,"column":0},"end":{"line":21,"column":17}},"21":{"start":{"line":22,"column":0},"end":{"line":22,"column":115}},"22":{"start":{"line":23,"column":0},"end":{"line":23,"column":13}},"23":{"start":{"line":24,"column":0},"end":{"line":24,"column":5}},"24":{"start":{"line":25,"column":0},"end":{"line":25,"column":0}},"25":{"start":{"line":26,"column":0},"end":{"line":26,"column":21}},"26":{"start":{"line":27,"column":0},"end":{"line":27,"column":9}},"27":{"start":{"line":28,"column":0},"end":{"line":28,"column":47}},"28":{"start":{"line":29,"column":0},"end":{"line":29,"column":104}},"29":{"start":{"line":30,"column":0},"end":{"line":30,"column":24}},"30":{"start":{"line":31,"column":0},"end":{"line":31,"column":26}},"31":{"start":{"line":32,"column":0},"end":{"line":32,"column":84}},"32":{"start":{"line":33,"column":0},"end":{"line":33,"column":15}},"33":{"start":{"line":34,"column":0},"end":{"line":34,"column":24}},"34":{"start":{"line":35,"column":0},"end":{"line":35,"column":5}},"35":{"start":{"line":36,"column":0},"end":{"line":36,"column":4}},"36":{"start":{"line":37,"column":0},"end":{"line":37,"column":0}},"37":{"start":{"line":38,"column":0},"end":{"line":38,"column":10}},"38":{"start":{"line":39,"column":0},"end":{"line":39,"column":72}},"39":{"start":{"line":40,"column":0},"end":{"line":40,"column":40}},"40":{"start":{"line":41,"column":0},"end":{"line":41,"column":20}},"41":{"start":{"line":42,"column":0},"end":{"line":42,"column":49}},"42":{"start":{"line":43,"column":0},"end":{"line":43,"column":21}},"43":{"start":{"line":44,"column":0},"end":{"line":44,"column":21}},"44":{"start":{"line":45,"column":0},"end":{"line":45,"column":62}},"45":{"start":{"line":46,"column":0},"end":{"line":46,"column":39}},"46":{"start":{"line":47,"column":0},"end":{"line":47,"column":60}},"47":{"start":{"line":48,"column":0},"end":{"line":48,"column":20}},"48":{"start":{"line":49,"column":0},"end":{"line":49,"column":29}},"49":{"start":{"line":50,"column":0},"end":{"line":50,"column":31}},"50":{"start":{"line":51,"column":0},"end":{"line":51,"column":32}},"51":{"start":{"line":52,"column":0},"end":{"line":52,"column":61}},"52":{"start":{"line":53,"column":0},"end":{"line":53,"column":24}},"53":{"start":{"line":54,"column":0},"end":{"line":54,"column":29}},"54":{"start":{"line":55,"column":0},"end":{"line":55,"column":38}},"55":{"start":{"line":56,"column":0},"end":{"line":56,"column":16}},"56":{"start":{"line":57,"column":0},"end":{"line":57,"column":18}},"57":{"start":{"line":58,"column":0},"end":{"line":58,"column":72}},"58":{"start":{"line":59,"column":0},"end":{"line":59,"column":59}},"59":{"start":{"line":60,"column":0},"end":{"line":60,"column":21}},"60":{"start":{"line":61,"column":0},"end":{"line":61,"column":17}},"61":{"start":{"line":62,"column":0},"end":{"line":62,"column":22}},"62":{"start":{"line":63,"column":0},"end":{"line":63,"column":13}},"63":{"start":{"line":64,"column":0},"end":{"line":64,"column":10}},"64":{"start":{"line":65,"column":0},"end":{"line":65,"column":4}},"65":{"start":{"line":66,"column":0},"end":{"line":66,"column":1}}},"s":{"0":0,"1":0,"2":0,"3":0,"4":0,"5":0,"6":0,"7":0,"8":0,"9":0,"10":0,"11":0,"12":0,"13":0,"14":0,"15":0,"16":0,"17":0,"18":0,"19":0,"20":0,"21":0,"22":0,"23":0,"24":0,"25":0,"26":0,"27":0,"28":0,"29":0,"30":0,"31":0,"32":0,"33":0,"34":0,"35":0,"36":0,"37":0,"38":0,"39":0,"40":0,"41":0,"42":0,"43":0,"44":0,"45":0,"46":0,"47":0,"48":0,"49":0,"50":0,"51":0,"52":0,"53":0,"54":0,"55":0,"56":0,"57":0,"58":0,"59":0,"60":0,"61":0,"62":0,"63":0,"64":0,"65":0},"branchMap":{"0":{"type":"branch","line":1,"loc":{"start":{"line":1,"column":0},"end":{"line":66,"column":1}},"locations":[{"start":{"line":1,"column":0},"end":{"line":66,"column":1}}]}},"b":{"0":[0]},"fnMap":{"0":{"name":"(empty-report)","decl":{"start":{"line":1,"column":0},"end":{"line":66,"column":1}},"loc":{"start":{"line":1,"column":0},"end":{"line":66,"column":1}},"line":1}},"f":{"0":0}}
,"C:\\Users\\cheon\\Downloads\\StudySound AI (1)\\src\\pages\\TermsOfService.tsx": {"path":"C:\\Users\\cheon\\Downloads\\StudySound AI (1)\\src\\pages\\TermsOfService.tsx","all":true,"statementMap":{"0":{"start":{"line":1,"column":0},"end":{"line":1,"column":40}},"1":{"start":{"line":2,"column":0},"end":{"line":2,"column":57}},"2":{"start":{"line":3,"column":0},"end":{"line":3,"column":48}},"3":{"start":{"line":4,"column":0},"end":{"line":4,"column":41}},"4":{"start":{"line":5,"column":0},"end":{"line":5,"column":0}},"5":{"start":{"line":6,"column":0},"end":{"line":6,"column":42}},"6":{"start":{"line":7,"column":0},"end":{"line":7,"column":10}},"7":{"start":{"line":8,"column":0},"end":{"line":8,"column":34}},"8":{"start":{"line":9,"column":0},"end":{"line":9,"column":69}},"9":{"start":{"line":10,"column":0},"end":{"line":10,"column":21}},"10":{"start":{"line":11,"column":0},"end":{"line":11,"column":84}},"11":{"start":{"line":12,"column":0},"end":{"line":12,"column":61}},"12":{"start":{"line":13,"column":0},"end":{"line":13,"column":17}},"13":{"start":{"line":14,"column":0},"end":{"line":14,"column":15}},"14":{"start":{"line":15,"column":0},"end":{"line":15,"column":12}},"15":{"start":{"line":16,"column":0},"end":{"line":16,"column":0}},"16":{"start":{"line":17,"column":0},"end":{"line":17,"column":52}},"17":{"start":{"line":18,"column":0},"end":{"line":18,"column":21}},"18":{"start":{"line":19,"column":0},"end":{"line":19,"column":67}},"19":{"start":{"line":20,"column":0},"end":{"line":20,"column":58}},"20":{"start":{"line":21,"column":0},"end":{"line":21,"column":19}},"21":{"start":{"line":22,"column":0},"end":{"line":22,"column":15}},"22":{"start":{"line":23,"column":0},"end":{"line":23,"column":0}},"23":{"start":{"line":24,"column":0},"end":{"line":24,"column":14}},"24":{"start":{"line":25,"column":0},"end":{"line":25,"column":61}},"25":{"start":{"line":26,"column":0},"end":{"line":26,"column":17}},"26":{"start":{"line":27,"column":0},"end":{"line":27,"column":75}},"27":{"start":{"line":28,"column":0},"end":{"line":28,"column":90}},"28":{"start":{"line":29,"column":0},"end":{"line":29,"column":18}},"29":{"start":{"line":30,"column":0},"end":{"line":30,"column":0}},"30":{"start":{"line":31,"column":0},"end":{"line":31,"column":65}},"31":{"start":{"line":32,"column":0},"end":{"line":32,"column":95}},"32":{"start":{"line":33,"column":0},"end":{"line":33,"column":51}},"33":{"start":{"line":34,"column":0},"end":{"line":34,"column":16}},"34":{"start":{"line":35,"column":0},"end":{"line":35,"column":0}},"35":{"start":{"line":36,"column":0},"end":{"line":36,"column":43}},"36":{"start":{"line":37,"column":0},"end":{"line":37,"column":79}},"37":{"start":{"line":38,"column":0},"end":{"line":38,"column":67}},"38":{"start":{"line":39,"column":0},"end":{"line":39,"column":94}},"39":{"start":{"line":40,"column":0},"end":{"line":40,"column":94}},"40":{"start":{"line":41,"column":0},"end":{"line":41,"column":91}},"41":{"start":{"line":42,"column":0},"end":{"line":42,"column":26}},"42":{"start":{"line":43,"column":0},"end":{"line":43,"column":18}},"43":{"start":{"line":44,"column":0},"end":{"line":44,"column":22}},"44":{"start":{"line":45,"column":0},"end":{"line":45,"column":0}},"45":{"start":{"line":46,"column":0},"end":{"line":46,"column":43}},"46":{"start":{"line":47,"column":0},"end":{"line":47,"column":77}},"47":{"start":{"line":48,"column":0},"end":{"line":48,"column":67}},"48":{"start":{"line":49,"column":0},"end":{"line":49,"column":96}},"49":{"start":{"line":50,"column":0},"end":{"line":50,"column":94}},"50":{"start":{"line":51,"column":0},"end":{"line":51,"column":42}},"51":{"start":{"line":52,"column":0},"end":{"line":52,"column":18}},"52":{"start":{"line":53,"column":0},"end":{"line":53,"column":22}},"53":{"start":{"line":54,"column":0},"end":{"line":54,"column":0}},"54":{"start":{"line":55,"column":0},"end":{"line":55,"column":43}},"55":{"start":{"line":56,"column":0},"end":{"line":56,"column":71}},"56":{"start":{"line":57,"column":0},"end":{"line":57,"column":88}},"57":{"start":{"line":58,"column":0},"end":{"line":58,"column":84}},"58":{"start":{"line":59,"column":0},"end":{"line":59,"column":78}},"59":{"start":{"line":60,"column":0},"end":{"line":60,"column":139}},"60":{"start":{"line":61,"column":0},"end":{"line":61,"column":115}},"61":{"start":{"line":62,"column":0},"end":{"line":62,"column":114}},"62":{"start":{"line":63,"column":0},"end":{"line":63,"column":139}},"63":{"start":{"line":64,"column":0},"end":{"line":64,"column":19}},"64":{"start":{"line":65,"column":0},"end":{"line":65,"column":22}},"65":{"start":{"line":66,"column":0},"end":{"line":66,"column":0}},"66":{"start":{"line":67,"column":0},"end":{"line":67,"column":43}},"67":{"start":{"line":68,"column":0},"end":{"line":68,"column":72}},"68":{"start":{"line":69,"column":0},"end":{"line":69,"column":67}},"69":{"start":{"line":70,"column":0},"end":{"line":70,"column":88}},"70":{"start":{"line":71,"column":0},"end":{"line":71,"column":96}},"71":{"start":{"line":72,"column":0},"end":{"line":72,"column":90}},"72":{"start":{"line":73,"column":0},"end":{"line":73,"column":85}},"73":{"start":{"line":74,"column":0},"end":{"line":74,"column":48}},"74":{"start":{"line":75,"column":0},"end":{"line":75,"column":18}},"75":{"start":{"line":76,"column":0},"end":{"line":76,"column":22}},"76":{"start":{"line":77,"column":0},"end":{"line":77,"column":0}},"77":{"start":{"line":78,"column":0},"end":{"line":78,"column":43}},"78":{"start":{"line":79,"column":0},"end":{"line":79,"column":77}},"79":{"start":{"line":80,"column":0},"end":{"line":80,"column":67}},"80":{"start":{"line":81,"column":0},"end":{"line":81,"column":90}},"81":{"start":{"line":82,"column":0},"end":{"line":82,"column":95}},"82":{"start":{"line":83,"column":0},"end":{"line":83,"column":92}},"83":{"start":{"line":84,"column":0},"end":{"line":84,"column":94}},"84":{"start":{"line":85,"column":0},"end":{"line":85,"column":18}},"85":{"start":{"line":86,"column":0},"end":{"line":86,"column":22}},"86":{"start":{"line":87,"column":0},"end":{"line":87,"column":0}},"87":{"start":{"line":88,"column":0},"end":{"line":88,"column":43}},"88":{"start":{"line":89,"column":0},"end":{"line":89,"column":73}},"89":{"start":{"line":90,"column":0},"end":{"line":90,"column":67}},"90":{"start":{"line":91,"column":0},"end":{"line":91,"column":93}},"91":{"start":{"line":92,"column":0},"end":{"line":92,"column":57}},"92":{"start":{"line":93,"column":0},"end":{"line":93,"column":18}},"93":{"start":{"line":94,"column":0},"end":{"line":94,"column":22}},"94":{"start":{"line":95,"column":0},"end":{"line":95,"column":0}},"95":{"start":{"line":96,"column":0},"end":{"line":96,"column":43}},"96":{"start":{"line":97,"column":0},"end":{"line":97,"column":78}},"97":{"start":{"line":98,"column":0},"end":{"line":98,"column":67}},"98":{"start":{"line":99,"column":0},"end":{"line":99,"column":91}},"99":{"start":{"line":100,"column":0},"end":{"line":100,"column":92}},"100":{"start":{"line":101,"column":0},"end":{"line":101,"column":90}},"101":{"start":{"line":102,"column":0},"end":{"line":102,"column":61}},"102":{"start":{"line":103,"column":0},"end":{"line":103,"column":18}},"103":{"start":{"line":104,"column":0},"end":{"line":104,"column":22}},"104":{"start":{"line":105,"column":0},"end":{"line":105,"column":0}},"105":{"start":{"line":106,"column":0},"end":{"line":106,"column":43}},"106":{"start":{"line":107,"column":0},"end":{"line":107,"column":81}},"107":{"start":{"line":108,"column":0},"end":{"line":108,"column":67}},"108":{"start":{"line":109,"column":0},"end":{"line":109,"column":95}},"109":{"start":{"line":110,"column":0},"end":{"line":110,"column":95}},"110":{"start":{"line":111,"column":0},"end":{"line":111,"column":66}},"111":{"start":{"line":112,"column":0},"end":{"line":112,"column":18}},"112":{"start":{"line":113,"column":0},"end":{"line":113,"column":22}},"113":{"start":{"line":114,"column":0},"end":{"line":114,"column":0}},"114":{"start":{"line":115,"column":0},"end":{"line":115,"column":43}},"115":{"start":{"line":116,"column":0},"end":{"line":116,"column":80}},"116":{"start":{"line":117,"column":0},"end":{"line":117,"column":67}},"117":{"start":{"line":118,"column":0},"end":{"line":118,"column":96}},"118":{"start":{"line":119,"column":0},"end":{"line":119,"column":86}},"119":{"start":{"line":120,"column":0},"end":{"line":120,"column":18}},"120":{"start":{"line":121,"column":0},"end":{"line":121,"column":22}},"121":{"start":{"line":122,"column":0},"end":{"line":122,"column":0}},"122":{"start":{"line":123,"column":0},"end":{"line":123,"column":43}},"123":{"start":{"line":124,"column":0},"end":{"line":124,"column":68}},"124":{"start":{"line":125,"column":0},"end":{"line":125,"column":67}},"125":{"start":{"line":126,"column":0},"end":{"line":126,"column":97}},"126":{"start":{"line":127,"column":0},"end":{"line":127,"column":24}},"127":{"start":{"line":128,"column":0},"end":{"line":128,"column":18}},"128":{"start":{"line":129,"column":0},"end":{"line":129,"column":22}},"129":{"start":{"line":130,"column":0},"end":{"line":130,"column":0}},"130":{"start":{"line":131,"column":0},"end":{"line":131,"column":43}},"131":{"start":{"line":132,"column":0},"end":{"line":132,"column":79}},"132":{"start":{"line":133,"column":0},"end":{"line":133,"column":67}},"133":{"start":{"line":134,"column":0},"end":{"line":134,"column":96}},"134":{"start":{"line":135,"column":0},"end":{"line":135,"column":85}},"135":{"start":{"line":136,"column":0},"end":{"line":136,"column":18}},"136":{"start":{"line":137,"column":0},"end":{"line":137,"column":22}},"137":{"start":{"line":138,"column":0},"end":{"line":138,"column":0}},"138":{"start":{"line":139,"column":0},"end":{"line":139,"column":71}},"139":{"start":{"line":140,"column":0},"end":{"line":140,"column":67}},"140":{"start":{"line":141,"column":0},"end":{"line":141,"column":67}},"141":{"start":{"line":142,"column":0},"end":{"line":142,"column":87}},"142":{"start":{"line":143,"column":0},"end":{"line":143,"column":99}},"143":{"start":{"line":144,"column":0},"end":{"line":144,"column":42}},"144":{"start":{"line":145,"column":0},"end":{"line":145,"column":20}},"145":{"start":{"line":146,"column":0},"end":{"line":146,"column":18}},"146":{"start":{"line":147,"column":0},"end":{"line":147,"column":22}},"147":{"start":{"line":148,"column":0},"end":{"line":148,"column":24}},"148":{"start":{"line":149,"column":0},"end":{"line":149,"column":15}},"149":{"start":{"line":150,"column":0},"end":{"line":150,"column":13}},"150":{"start":{"line":151,"column":0},"end":{"line":151,"column":10}},"151":{"start":{"line":152,"column":0},"end":{"line":152,"column":4}},"152":{"start":{"line":153,"column":0},"end":{"line":153,"column":1}}},"s":{"0":0,"1":0,"2":0,"3":0,"4":0,"5":0,"6":0,"7":0,"8":0,"9":0,"10":0,"11":0,"12":0,"13":0,"14":0,"15":0,"16":0,"17":0,"18":0,"19":0,"20":0,"21":0,"22":0,"23":0,"24":0,"25":0,"26":0,"27":0,"28":0,"29":0,"30":0,"31":0,"32":0,"33":0,"34":0,"35":0,"36":0,"37":0,"38":0,"39":0,"40":0,"41":0,"42":0,"43":0,"44":0,"45":0,"46":0,"47":0,"48":0,"49":0,"50":0,"51":0,"52":0,"53":0,"54":0,"55":0,"56":0,"57":0,"58":0,"59":0,"60":0,"61":0,"62":0,"63":0,"64":0,"65":0,"66":0,"67":0,"68":0,"69":0,"70":0,"71":0,"72":0,"73":0,"74":0,"75":0,"76":0,"77":0,"78":0,"79":0,"80":0,"81":0,"82":0,"83":0,"84":0,"85":0,"86":0,"87":0,"88":0,"89":0,"90":0,"91":0,"92":0,"93":0,"94":0,"95":0,"96":0,"97":0,"98":0,"99":0,"100":0,"101":0,"102":0,"103":0,"104":0,"105":0,"106":0,"107":0,"108":0,"109":0,"110":0,"111":0,"112":0,"113":0,"114":0,"115":0,"116":0,"117":0,"118":0,"119":0,"120":0,"121":0,"122":0,"123":0,"124":0,"125":0,"126":0,"127":0,"128":0,"129":0,"130":0,"131":0,"132":0,"133":0,"134":0,"135":0,"136":0,"137":0,"138":0,"139":0,"140":0,"141":0,"142":0,"143":0,"144":0,"145":0,"146":0,"147":0,"148":0,"149":0,"150":0,"151":0,"152":0},"branchMap":{"0":{"type":"branch","line":1,"loc":{"start":{"line":1,"column":0},"end":{"line":153,"column":1}},"locations":[{"start":{"line":1,"column":0},"end":{"line":153,"column":1}}]}},"b":{"0":[0]},"fnMap":{"0":{"name":"(empty-report)","decl":{"start":{"line":1,"column":0},"end":{"line":153,"column":1}},"loc":{"start":{"line":1,"column":0},"end":{"line":153,"column":1}},"line":1}},"f":{"0":0}}
}
